[
    [
        "Started by upstream project \"Prod_BHB_CI_B3MB_HW_SPDK_Branch\" build number 12418",
        "originally caused by:",
        " Started by upstream project \"BHB_CI_Main_Branch\" build number 18708",
        " originally caused by:",
        "  <a href=\"https://npsg-bit.elements.local/projects/FSEDEV/repos/trenton/pull-requests/10172\" >PR #10172 Split Abort Mgr Reset API (Controller Disable and Controller Shutdown) </a>",
        "Running as SYSTEM",
        "[EnvInject] - Loading node environment variables.",
        "Building remotely on F223-508-21-SM (SSDP42KX040T1ES BUILD_A3 NAND_B3MB GEN4_B3MB CONVAL_RACK_F223_508 BHB_4TB ASIC_C0) in workspace /home/jenkins/jenkins_jobs/workspace/Prod_BHB_CI_B3MB_HW_SPDK_Branch/CFG_FILE/sanity.cfg/ITERATION/1/NAND/b3mb/label/NAND_B3MB",
        "[WS-CLEANUP] Deleting project workspace...",
        "[WS-CLEANUP] Deferred wipeout is disabled by the job configuration...",
        "Run condition [Current build status] enabling prebuild for step [Execute shell]",
        "New run name is '#12418,Branch,ecf89a4d8a18c9ab35b3f526b1024fb818a2773d,94013284'",
        "[Current build status] check if current [SUCCESS] is worse or equals then [SUCCESS] and better or equals then [SUCCESS]",
        "Run condition [Current build status] enabling perform for step [Execute shell]",
        "[NAND_B3MB] $ /bin/bash /tmp/jenkins3441455727385105340.sh",
        "timeout 300 sh -c 'sudo mount fmgnpsgjnfs101.elements.local:/nfs-bhb-google/data /mnt/trenton_nfs;df;cp -R /mnt/trenton_nfs/Jenkins/jobs/BHB_CI_Main_Branch/18708/Utilities .'",
        "Filesystem                                         1K-blocks      Used Available Use% Mounted on",
        "udev                                                16325100         0  16325100   0% /dev",
        "tmpfs                                                3270564      4824   3265740   1% /run",
        "/dev/sda6                                           95936916  41607300  49413240  46% /",
        "tmpfs                                               16352820         0  16352820   0% /dev/shm",
        "tmpfs                                                   5120         0      5120   0% /run/lock",
        "tmpfs                                               16352820         0  16352820   0% /sys/fs/cgroup",
        "/dev/loop0                                             56320     56320         0 100% /snap/core18/1705",
        "/dev/loop1                                             56320     56320         0 100% /snap/core18/1754",
        "/dev/loop2                                            246656    246656         0 100% /snap/gnome-3-34-1804/24",
        "/dev/loop3                                            261760    261760         0 100% /snap/gnome-3-34-1804/36",
        "/dev/loop4                                             63616     63616         0 100% /snap/gtk-common-themes/1506",
        "/dev/loop5                                             51072     51072         0 100% /snap/snap-store/433",
        "/dev/loop7                                             27776     27776         0 100% /snap/snapd/7264",
        "/dev/loop6                                             51072     51072         0 100% /snap/snap-store/467",
        "/dev/loop8                                             30592     30592         0 100% /snap/snapd/8140",
        "/dev/sda3                                             467656    202676    230004  47% /boot",
        "/dev/sda2                                             467656       744    431936   1% /boot/clonezilla",
        "/dev/sda7                                          130808908  50340084  73780880  41% /home",
        "/dev/sda5                                             467656       768    431912   1% /machine",
        "/dev/sda1                                             497696      8920    488776   2% /boot/efi",
        "tmpfs                                                3270564         8   3270556   1% /run/user/1003",
        "fmgnpsgjnfs101.elements.local:/nfs-bhb-google/data 824638464 408268288 374410752  53% /mnt/trenton_nfs",
        "./bhb_test_preps.py --variant b3mb --targets \"fw-release;[sdk-b3mb.tgz,commons.tgz,tools.tgz,pfw.tgz]\" --src /mnt/trenton_nfs/Jenkins/jobs/BHB_CI_Main_Branch/18708 --dst /home/jenkins/jenkins_jobs/workspace/Prod_BHB_CI_B3MB_HW_SPDK_Branch/CFG_FILE/sanity.cfg/ITERATION/1/NAND/b3mb/label/NAND_B3MB --mnt-point /mnt/trenton_nfs --nw-path fmgnpsgjnfs101.elements.local:/nfs-bhb-google/data --no-ts",
        "[PREPS-WS-INFO] Started ...",
        "[PREPS-WS-INFO] =================================================================",
        "[PREPS-WS-INFO] Start pre-preps",
        "[PREPS-WS-INFO] =================================================================",
        "[PREPS-WS-INFO] df | grep -i fmgnpsgjnfs101.elements.local:/nfs-bhb-google/data",
        "[PREPS-WS-INFO] fmgnpsgjnfs101.elements.local:/nfs-bhb-google/data 824638464 408268288 374410752  53% /mnt/trenton_nfs",
        "[PREPS-WS-INFO] cd /home/jenkins/jenkins_jobs/workspace/Prod_BHB_CI_B3MB_HW_SPDK_Branch/CFG_FILE/sanity.cfg/ITERATION/1/NAND/b3mb/label/NAND_B3MB;sudo rm -Rf *@tmp",
        "[PREPS-WS-INFO] cd /home/jenkins/jenkins_jobs/workspace/Prod_BHB_CI_B3MB_HW_SPDK_Branch/CFG_FILE/sanity.cfg/ITERATION/1/NAND/b3mb/label/NAND_B3MB;cp -R /mnt/trenton_nfs/Jenkins/jobs/BHB_CI_Main_Branch/18708/ent_ssd_test.tgz .",
        "[PREPS-WS-INFO] cd /home/jenkins/jenkins_jobs/workspace/Prod_BHB_CI_B3MB_HW_SPDK_Branch/CFG_FILE/sanity.cfg/ITERATION/1/NAND/b3mb/label/NAND_B3MB;tar -xzf ./ent_ssd_test.tgz",
        "[PREPS-WS-INFO] cd /home/jenkins/jenkins_jobs/workspace/Prod_BHB_CI_B3MB_HW_SPDK_Branch/CFG_FILE/sanity.cfg/ITERATION/1/NAND/b3mb/label/NAND_B3MB;rm -rf ./ent_ssd_test.tgz",
        "[PREPS-WS-INFO] =================================================================",
        "[PREPS-WS-INFO] Start preps",
        "[PREPS-WS-INFO] =================================================================",
        "[PREPS-WS-INFO] cd /home/jenkins/jenkins_jobs/workspace/Prod_BHB_CI_B3MB_HW_SPDK_Branch/CFG_FILE/sanity.cfg/ITERATION/1/NAND/b3mb/label/NAND_B3MB/Utilities/automation/python/utils;./bhb_cp_from.py --variant b3mb --target fw-release --src /mnt/trenton_nfs/Jenkins/jobs/BHB_CI_Main_Branch/18708 --dst /home/jenkins/jenkins_jobs/workspace/Prod_BHB_CI_B3MB_HW_SPDK_Branch/CFG_FILE/sanity.cfg/ITERATION/1/NAND/b3mb/label/NAND_B3MB",
        "[PREPS-WS-INFO] =================================================================",
        "[PREPS-WS-INFO] [2023-01-10 18:35:24 - COPY-FROM-INFO] Started ...",
        "[PREPS-WS-INFO] [2023-01-10 18:35:24 - COPY-FROM-INFO] Copy BHB FW target fw-release directories ...",
        "[PREPS-WS-INFO] [2023-01-10 18:35:24 - COPY-FROM-INFO] Firmware directory is /home/jenkins/jenkins_jobs/workspace/Prod_BHB_CI_B3MB_HW_SPDK_Branch/CFG_FILE/sanity.cfg/ITERATION/1/NAND/b3mb/label/NAND_B3MB/trenton-b3mb",
        "[PREPS-WS-INFO] [2023-01-10 18:35:24 - COPY-FROM-INFO] Created /home/jenkins/jenkins_jobs/workspace/Prod_BHB_CI_B3MB_HW_SPDK_Branch/CFG_FILE/sanity.cfg/ITERATION/1/NAND/b3mb/label/NAND_B3MB/trenton-b3mb",
        "[PREPS-WS-INFO] [2023-01-10 18:35:24 - COPY-FROM-INFO] cp /mnt/trenton_nfs/Jenkins/jobs/BHB_CI_Main_Branch/18708/fw_release_package-b3mb.tgz /home/jenkins/jenkins_jobs/workspace/Prod_BHB_CI_B3MB_HW_SPDK_Branch/CFG_FILE/sanity.cfg/ITERATION/1/NAND/b3mb/label/NAND_B3MB/trenton-b3mb",
        "[PREPS-WS-INFO] [2023-01-10 18:35:28 - COPY-FROM-INFO] cd /home/jenkins/jenkins_jobs/workspace/Prod_BHB_CI_B3MB_HW_SPDK_Branch/CFG_FILE/sanity.cfg/ITERATION/1/NAND/b3mb/label/NAND_B3MB/trenton-b3mb;tar -xzf fw_release_package-b3mb.tgz",
        "[PREPS-WS-INFO] [2023-01-10 18:35:31 - COPY-FROM-INFO] rm /home/jenkins/jenkins_jobs/workspace/Prod_BHB_CI_B3MB_HW_SPDK_Branch/CFG_FILE/sanity.cfg/ITERATION/1/NAND/b3mb/label/NAND_B3MB/trenton-b3mb/fw_release_package-b3mb.tgz",
        "[PREPS-WS-INFO] [2023-01-10 18:35:31 - COPY-FROM-INFO] cp /mnt/trenton_nfs/Jenkins/jobs/BHB_CI_Main_Branch/18708/ulogHashTable.txt /home/jenkins/jenkins_jobs/workspace/Prod_BHB_CI_B3MB_HW_SPDK_Branch/CFG_FILE/sanity.cfg/ITERATION/1/NAND/b3mb/label/NAND_B3MB/trenton-b3mb",
        "[PREPS-WS-INFO] [2023-01-10 18:35:31 - COPY-FROM-INFO] cp /mnt/trenton_nfs/Jenkins/jobs/BHB_CI_Main_Branch/18708/trenton_git.log /home/jenkins/jenkins_jobs/workspace/Prod_BHB_CI_B3MB_HW_SPDK_Branch/CFG_FILE/sanity.cfg/ITERATION/1/NAND/b3mb/label/NAND_B3MB/trenton-b3mb",
        "[PREPS-WS-INFO] [2023-01-10 18:35:31 - COPY-FROM-INFO] Completed! Exit(0)",
        "[PREPS-WS-INFO] =================================================================",
        "[PREPS-WS-INFO] cd /home/jenkins/jenkins_jobs/workspace/Prod_BHB_CI_B3MB_HW_SPDK_Branch/CFG_FILE/sanity.cfg/ITERATION/1/NAND/b3mb/label/NAND_B3MB/Utilities/automation/python/utils;./bhb_cp_from.py --variant b3mb --target [sdk-b3mb.tgz,commons.tgz,tools.tgz,pfw.tgz] --src /mnt/trenton_nfs/Jenkins/jobs/BHB_CI_Main_Branch/18708 --dst /home/jenkins/jenkins_jobs/workspace/Prod_BHB_CI_B3MB_HW_SPDK_Branch/CFG_FILE/sanity.cfg/ITERATION/1/NAND/b3mb/label/NAND_B3MB",
        "[PREPS-WS-INFO] =================================================================",
        "[PREPS-WS-INFO] [2023-01-10 18:35:31 - COPY-FROM-INFO] Started ...",
        "[PREPS-WS-INFO] [2023-01-10 18:35:31 - COPY-FROM-INFO] Copy BHB FW target [sdk-b3mb.tgz,commons.tgz,tools.tgz,pfw.tgz] directories ...",
        "[PREPS-WS-INFO] [2023-01-10 18:35:31 - COPY-FROM-INFO] Firmware directory is /home/jenkins/jenkins_jobs/workspace/Prod_BHB_CI_B3MB_HW_SPDK_Branch/CFG_FILE/sanity.cfg/ITERATION/1/NAND/b3mb/label/NAND_B3MB/trenton-b3mb",
        "[PREPS-WS-INFO] [2023-01-10 18:35:31 - COPY-FROM-INFO] Found /home/jenkins/jenkins_jobs/workspace/Prod_BHB_CI_B3MB_HW_SPDK_Branch/CFG_FILE/sanity.cfg/ITERATION/1/NAND/b3mb/label/NAND_B3MB/trenton-b3mb",
        "[PREPS-WS-INFO] [2023-01-10 18:35:31 - COPY-FROM-INFO] cp /mnt/trenton_nfs/Jenkins/jobs/BHB_CI_Main_Branch/18708/sdk-b3mb.tgz /home/jenkins/jenkins_jobs/workspace/Prod_BHB_CI_B3MB_HW_SPDK_Branch/CFG_FILE/sanity.cfg/ITERATION/1/NAND/b3mb/label/NAND_B3MB/trenton-b3mb",
        "[PREPS-WS-INFO] [2023-01-10 18:35:31 - COPY-FROM-INFO] cd /home/jenkins/jenkins_jobs/workspace/Prod_BHB_CI_B3MB_HW_SPDK_Branch/CFG_FILE/sanity.cfg/ITERATION/1/NAND/b3mb/label/NAND_B3MB/trenton-b3mb;tar -xzf sdk-b3mb.tgz",
        "[PREPS-WS-INFO] [2023-01-10 18:35:31 - COPY-FROM-INFO] rm /home/jenkins/jenkins_jobs/workspace/Prod_BHB_CI_B3MB_HW_SPDK_Branch/CFG_FILE/sanity.cfg/ITERATION/1/NAND/b3mb/label/NAND_B3MB/trenton-b3mb/sdk-b3mb.tgz",
        "[PREPS-WS-INFO] [2023-01-10 18:35:31 - COPY-FROM-INFO] cp /mnt/trenton_nfs/Jenkins/jobs/BHB_CI_Main_Branch/18708/commons.tgz /home/jenkins/jenkins_jobs/workspace/Prod_BHB_CI_B3MB_HW_SPDK_Branch/CFG_FILE/sanity.cfg/ITERATION/1/NAND/b3mb/label/NAND_B3MB/trenton-b3mb",
        "[PREPS-WS-INFO] [2023-01-10 18:35:31 - COPY-FROM-INFO] cd /home/jenkins/jenkins_jobs/workspace/Prod_BHB_CI_B3MB_HW_SPDK_Branch/CFG_FILE/sanity.cfg/ITERATION/1/NAND/b3mb/label/NAND_B3MB/trenton-b3mb;tar -xzf commons.tgz",
        "[PREPS-WS-INFO] [2023-01-10 18:35:31 - COPY-FROM-INFO] rm /home/jenkins/jenkins_jobs/workspace/Prod_BHB_CI_B3MB_HW_SPDK_Branch/CFG_FILE/sanity.cfg/ITERATION/1/NAND/b3mb/label/NAND_B3MB/trenton-b3mb/commons.tgz",
        "[PREPS-WS-INFO] [2023-01-10 18:35:31 - COPY-FROM-INFO] cp /mnt/trenton_nfs/Jenkins/jobs/BHB_CI_Main_Branch/18708/tools.tgz /home/jenkins/jenkins_jobs/workspace/Prod_BHB_CI_B3MB_HW_SPDK_Branch/CFG_FILE/sanity.cfg/ITERATION/1/NAND/b3mb/label/NAND_B3MB/trenton-b3mb",
        "[PREPS-WS-INFO] [2023-01-10 18:35:32 - COPY-FROM-INFO] cd /home/jenkins/jenkins_jobs/workspace/Prod_BHB_CI_B3MB_HW_SPDK_Branch/CFG_FILE/sanity.cfg/ITERATION/1/NAND/b3mb/label/NAND_B3MB/trenton-b3mb;tar -xzf tools.tgz",
        "[PREPS-WS-INFO] [2023-01-10 18:35:35 - COPY-FROM-INFO] rm /home/jenkins/jenkins_jobs/workspace/Prod_BHB_CI_B3MB_HW_SPDK_Branch/CFG_FILE/sanity.cfg/ITERATION/1/NAND/b3mb/label/NAND_B3MB/trenton-b3mb/tools.tgz",
        "[PREPS-WS-INFO] [2023-01-10 18:35:35 - COPY-FROM-INFO] cp /mnt/trenton_nfs/Jenkins/jobs/BHB_CI_Main_Branch/18708/pfw.tgz /home/jenkins/jenkins_jobs/workspace/Prod_BHB_CI_B3MB_HW_SPDK_Branch/CFG_FILE/sanity.cfg/ITERATION/1/NAND/b3mb/label/NAND_B3MB/trenton-b3mb",
        "[PREPS-WS-INFO] [2023-01-10 18:35:35 - COPY-FROM-INFO] cd /home/jenkins/jenkins_jobs/workspace/Prod_BHB_CI_B3MB_HW_SPDK_Branch/CFG_FILE/sanity.cfg/ITERATION/1/NAND/b3mb/label/NAND_B3MB/trenton-b3mb;tar -xzf pfw.tgz",
        "[PREPS-WS-INFO] [2023-01-10 18:35:36 - COPY-FROM-INFO] rm /home/jenkins/jenkins_jobs/workspace/Prod_BHB_CI_B3MB_HW_SPDK_Branch/CFG_FILE/sanity.cfg/ITERATION/1/NAND/b3mb/label/NAND_B3MB/trenton-b3mb/pfw.tgz",
        "[PREPS-WS-INFO] [2023-01-10 18:35:36 - COPY-FROM-INFO] Completed! Exit(0)",
        "[PREPS-WS-INFO] =================================================================",
        "[PREPS-WS-INFO] Start post-preps",
        "[PREPS-WS-INFO] =================================================================",
        "[PREPS-WS-INFO] sudo pkill -9 spdktest;sleep 5",
        "[PREPS-WS-INFO] sudo pkill -9 advconcordia;sleep 5",
        "[PREPS-WS-INFO] sudo rm -rf /tmp/spdk_pci_lock*",
        "[PREPS-WS-INFO] =================================================================",
        "[PREPS-WS-INFO] cd /home/jenkins/jenkins_jobs/workspace/Prod_BHB_CI_B3MB_HW_SPDK_Branch/CFG_FILE/sanity.cfg/ITERATION/1/NAND/b3mb/label/NAND_B3MB/ent_ssd_test;git log -2",
        "[PREPS-WS-INFO] =================================================================",
        "[PREPS-WS-INFO] commit 5669531293eec9564c7bb92b98981fb4889d2a36",
        "[PREPS-WS-INFO] Merge: f102a724 96990446",
        "[PREPS-WS-INFO] Author: Chang, Justin2 <justin2.chang@intel.com>",
        "[PREPS-WS-INFO] Date:   Tue Jan 10 16:25:26 2023 -0800",
        "[PREPS-WS-INFO] ",
        "[PREPS-WS-INFO]     Merge pull request #4567 in ISE/ent_ssd_test from feature/NSGSE-235754-update-unaligned-append-tests-to-target-small-file-volume to develop",
        "[PREPS-WS-INFO]     ",
        "[PREPS-WS-INFO]     * commit '96990446fa1e4cab8e585712bc1a4931cbc180ec':",
        "[PREPS-WS-INFO]       feature/NSGSE-235754-Update-Unaligned-append-tests-to-target-Small-File-Volume",
        "[PREPS-WS-INFO] ",
        "[PREPS-WS-INFO] commit 96990446fa1e4cab8e585712bc1a4931cbc180ec",
        "[PREPS-WS-INFO] Author: Justin Chang <justin2.chang@intel.com>",
        "[PREPS-WS-INFO] Date:   Wed Jan 4 10:36:12 2023 -0800",
        "[PREPS-WS-INFO] ",
        "[PREPS-WS-INFO]     feature/NSGSE-235754-Update-Unaligned-append-tests-to-target-Small-File-Volume",
        "[PREPS-WS-INFO] =================================================================",
        "[PREPS-WS-INFO] cd /home/jenkins/jenkins_jobs/workspace/Prod_BHB_CI_B3MB_HW_SPDK_Branch/CFG_FILE/sanity.cfg/ITERATION/1/NAND/b3mb/label/NAND_B3MB/trenton-b3mb;cat ./trenton_git.log",
        "[PREPS-WS-INFO] =================================================================",
        "[PREPS-WS-INFO] commit 940132845ae4b2271eb339534472e81712e3ae12",
        "[PREPS-WS-INFO] Merge: 2c0d246c95 ecf89a4d8a",
        "[PREPS-WS-INFO] Author: Jenkins drax-1 <jenkins@F223-508-01-SM.elements.local>",
        "[PREPS-WS-INFO] Date:   Tue Jan 10 18:15:50 2023 -0800",
        "[PREPS-WS-INFO] ",
        "[PREPS-WS-INFO]     Merge commit 'ecf89a4d8a18c9ab35b3f526b1024fb818a2773d' into HEAD",
        "[PREPS-WS-INFO] ",
        "[PREPS-WS-INFO] commit 2c0d246c955eafe398dbc9ae124b21a6b11a49ee",
        "[PREPS-WS-INFO] Merge: 26e3ec3690 4e4feac3e6",
        "[PREPS-WS-INFO] Author: Heichelheim, Karl <karl.heichelheim@intel.com>",
        "[PREPS-WS-INFO] Date:   Tue Jan 10 17:26:51 2023 -0800",
        "[PREPS-WS-INFO] ",
        "[PREPS-WS-INFO]     Merge pull request #10198 in FSEDEV/trenton from NSGSE-225158-legal-attr-updater to develop",
        "[PREPS-WS-INFO]     ",
        "[PREPS-WS-INFO]     * commit '4e4feac3e6f34197b9e1f3a77254abb866afd8a6':",
        "[PREPS-WS-INFO]       NSGSE-225158: Refinements to update_legal_attr.py, and updated pfw/driver files.",
        "[PREPS-WS-INFO] ",
        "[PREPS-WS-INFO] commit 26e3ec3690a5c0fbda1e86fe6ab7311e4a2ff14a",
        "[PREPS-WS-INFO] Merge: 23d5f99ef2 c0d6f374f0",
        "[PREPS-WS-INFO] Author: Tadeus, Blair <blair.tadeus@intel.com>",
        "[PREPS-WS-INFO] Date:   Tue Jan 10 16:47:49 2023 -0800",
        "[PREPS-WS-INFO] ",
        "[PREPS-WS-INFO]     Merge pull request #10049 in FSEDEV/trenton from feature/NSGSE-230362_0 to develop",
        "[PREPS-WS-INFO]     ",
        "[PREPS-WS-INFO]     * commit 'c0d6f374f0bc24d40607ce4cc1a3f3c07fe56526':",
        "[PREPS-WS-INFO]       NSGSE-230362: Simple Resource Controller",
        "[PREPS-WS-INFO] Completed! Exit(0)",
        "",
        "Launching pytest ...",
        "py.test tests/spdktest/test_bhb_hw_spdktest.py --spdk --timeout 1620 --fw-dir /home/jenkins/jenkins_jobs/workspace/Prod_BHB_CI_B3MB_HW_SPDK_Branch/CFG_FILE/sanity.cfg/ITERATION/1/NAND/b3mb/label/NAND_B3MB/trenton-b3mb/fw_release_package/benchsigned/debug --program Blackhawk_Bar_SE --cfg-filename /home/jenkins/jenkins_jobs/workspace/Prod_BHB_CI_B3MB_HW_SPDK_Branch/CFG_FILE/sanity.cfg/ITERATION/1/NAND/b3mb/label/NAND_B3MB/trenton-b3mb/test/test_plans/hardware/sanity.cfg --ulog-audit ERROR --bhb-build-variant b3mb --enable-uart --joburl https://drax-1.elements.local:8080/job/BHB_CI_Main_Branch/18708/ --job-guid 3886e729-d081-4439-b67d-cded220528da --subjob-name Prod_BHB_CI_B3MB_HW_SPDK_Branch --subjob-url https://drax-1.elements.local:8080/job/Prod_BHB_CI_B3MB_HW_SPDK_Branch/CFG_FILE=sanity.cfg,ITERATION=1,NAND=b3mb,label=NAND_B3MB/12418/ --db-url http://npsg-valet-api.elements.local/api/v1.0",
        "",
        "/usr/local/lib/python2.7/dist-packages/cryptography/__init__.py:39: CryptographyDeprecationWarning: Python 2 is no longer supported by the Python core team. Support for it is now deprecated in cryptography, and will be removed in a future release.",
        "  CryptographyDeprecationWarning,",
        "[2023-01-10 18:35:47 INFO] Tip commit SHA from /home/jenkins/jenkins_jobs/workspace/Prod_BHB_CI_B3MB_HW_SPDK_Branch/CFG_FILE/sanity.cfg/ITERATION/1/NAND/b3mb/label/NAND_B3MB/ent_ssd_test",
        "[2023-01-10 18:35:47 INFO] commit 5669531293eec9564c7bb92b98981fb4889d2a36",
        "[2023-01-10 18:35:47 INFO] ",
        "[2023-01-10 18:35:47 INFO] *****************************************************************************************",
        "[2023-01-10 18:35:47 INFO] \t\t\t\tStart of pytest run",
        "[2023-01-10 18:35:47 INFO] *****************************************************************************************",
        "[2023-01-10 18:35:47 INFO] ",
        "[2023-01-10 18:35:47 INFO] SPDK             : True",
        "[2023-01-10 18:35:47 INFO] SIMULATION TARGET: False",
        "[2023-01-10 18:35:47 INFO] ",
        "[2023-01-10 18:35:47 INFO] *****************************************************************************************",
        "[2023-01-10 18:35:47 INFO] \t\t\t  [STARTED] Pytest Framework Setup",
        "[2023-01-10 18:35:47 INFO] *****************************************************************************************",
        "[2023-01-10 18:35:47 INFO] ",
        "[2023-01-10 18:35:47 CMD ] ['udevadm info --name=/dev/ttyACM1 --attribute-walk | grep \"DAPLink CMSIS-DAP\" | grep product']",
        "[2023-01-10 18:35:49 CMD ] ['udevadm info --name=/dev/ttyACM0 --attribute-walk | grep \"DAPLink CMSIS-DAP\" | grep product']",
        "[2023-01-10 18:35:51 INFO] UART PORT=/dev/ttyACM0",
        "",
        "[2023-01-10 18:35:51 CMD ] ['sudo chmod 777 /dev/ttyACM0']",
        "[2023-01-10 18:35:53 INFO] ===============================================================================",
        "[2023-01-10 18:35:53 INFO] [SETUP  ] Start UART thread",
        "[2023-01-10 18:35:53 INFO] ===============================================================================",
        "[2023-01-10 18:35:53 INFO] UartThrd: Start thread",
        "[2023-01-10 18:35:53 INFO] UartLogChecker::start_uart: Opened serial port. Baudrate: 115200",
        "[2023-01-10 18:35:53 INFO] UartLogChecker::start_uart: Opened /home/jenkins/jenkins_jobs/workspace/Prod_BHB_CI_B3MB_HW_SPDK_Branch/CFG_FILE/sanity.cfg/ITERATION/1/NAND/b3mb/label/NAND_B3MB/ent_ssd_test/functional_test/pytest/logs/pytest_uart.log for write",
        "[2023-01-10 18:35:58 INFO] UartThrd: READY",
        "[2023-01-10 18:35:58 INFO] [SETUP  ] BHB Hardware SPDK Preparation",
        "[2023-01-10 18:35:58 INFO] [SETUP  ] Nvme driver is not running",
        "[2023-01-10 18:35:58 INFO] [SETUP  ] Disable SPDK ...",
        "[2023-01-10 18:35:58 CMD ] sudo /home/jenkins/jenkins_jobs/workspace/Prod_BHB_CI_B3MB_HW_SPDK_Branch/CFG_FILE/sanity.cfg/ITERATION/1/NAND/b3mb/label/NAND_B3MB/ent_ssd_test/lib/spdk/scripts/setup.sh reset",
        "[2023-01-10 18:35:58 INFO] 0000:03:00.0 (8086 8627): uio_pci_generic -> no driver",
        "[2023-01-10 18:35:58 INFO] Display driver status",
        "[2023-01-10 18:35:58 INFO] uio_pci_generic        16384  0",
        "[2023-01-10 18:35:58 INFO] uio                    20480  1 uio_pci_generic",
        "[2023-01-10 18:35:58 INFO] [SETUP  ] Enable SPDK ...",
        "[2023-01-10 18:35:58 CMD ] sudo /home/jenkins/jenkins_jobs/workspace/Prod_BHB_CI_B3MB_HW_SPDK_Branch/CFG_FILE/sanity.cfg/ITERATION/1/NAND/b3mb/label/NAND_B3MB/ent_ssd_test/lib/spdk/scripts/setup.sh",
        "[2023-01-10 18:35:58 INFO] 0000:03:00.0 (8086 8627): no driver -> uio_pci_generic",
        "[2023-01-10 18:35:58 INFO] Display driver status",
        "[2023-01-10 18:35:58 INFO] uio_pci_generic        16384  0",
        "[2023-01-10 18:35:58 INFO] uio                    20480  1 uio_pci_generic",
        "[2023-01-10 18:35:58 INFO] [SETUP  ] Initialize SPDK NVMECli ...",
        "[2023-01-10 18:35:58 INFO] ====================================================",
        "[2023-01-10 18:35:58 INFO] Build spdk_nvme_cli SPDK",
        "[2023-01-10 18:35:58 INFO] ====================================================",
        "[2023-01-10 18:35:58 CMD ] ['cd /home/jenkins/jenkins_jobs/workspace/Prod_BHB_CI_B3MB_HW_SPDK_Branch/CFG_FILE/sanity.cfg/ITERATION/1/NAND/b3mb/label/NAND_B3MB/ent_ssd_test/utils/spdk_nvme_cli/spdk;./configure;make clean;make -j8']",
        "[2023-01-10 18:36:37 INFO] ====================================================",
        "[2023-01-10 18:36:37 INFO] Build spdk_nvme_cli NVME-CLI",
        "[2023-01-10 18:36:37 INFO] ====================================================",
        "[2023-01-10 18:36:37 CMD ] ['cd /home/jenkins/jenkins_jobs/workspace/Prod_BHB_CI_B3MB_HW_SPDK_Branch/CFG_FILE/sanity.cfg/ITERATION/1/NAND/b3mb/label/NAND_B3MB/ent_ssd_test/utils/spdk_nvme_cli;make clean;make -j8']",
        "[2023-01-10 18:36:40 INFO] SPDK-NVMECLI: 1.6",
        "[2023-01-10 18:36:40 INFO] [SETUP  ] Initialize SPDK DUT ...",
        "[2023-01-10 18:36:40 CMD ] ['cd /home/jenkins/jenkins_jobs/workspace/Prod_BHB_CI_B3MB_HW_SPDK_Branch/CFG_FILE/sanity.cfg/ITERATION/1/NAND/b3mb/label/NAND_B3MB/ent_ssd_test/utils/spdk_nvme_cli;sudo ./nvme list'] with 300 secs timeout",
        "[2023-01-10 18:36:44 INFO] Initialize duts_list ...",
        "[2023-01-10 18:36:44 CMD ] ['cd /home/jenkins/jenkins_jobs/workspace/Prod_BHB_CI_B3MB_HW_SPDK_Branch/CFG_FILE/sanity.cfg/ITERATION/1/NAND/b3mb/label/NAND_B3MB/ent_ssd_test/utils/spdk_nvme_cli;sudo ./nvme list'] with 300 secs timeout",
        "[2023-01-10 18:36:46 INFO] Controller Dict: {'0000:03:00.0': {'ns': ['0000:03:00.0']}}",
        "[2023-01-10 18:36:46 INFO] Collect DUT ['0000:03:00.0'] info ...",
        "[2023-01-10 18:36:46 CMD ] ['cd /home/jenkins/jenkins_jobs/workspace/Prod_BHB_CI_B3MB_HW_SPDK_Branch/CFG_FILE/sanity.cfg/ITERATION/1/NAND/b3mb/label/NAND_B3MB/ent_ssd_test/utils/spdk_nvme_cli;sudo ./nvme id-ctrl 0000:03:00.0 -o json'] with 300 secs timeout",
        "[2023-01-10 18:36:49 INFO] 0000:03:00.0",
        "[2023-01-10 18:36:49 INFO]   Model                  : SSDP42KX040T1ES",
        "[2023-01-10 18:36:49 INFO]   Serial                 : ISN",
        "[2023-01-10 18:36:49 INFO]   Firmware               : A.14.23",
        "[2023-01-10 18:36:49 INFO]   Capacity               : 3298534883328",
        "[2023-01-10 18:36:49 INFO]   Unallocated Capacity   : 0",
        "[2023-01-10 18:36:49 INFO]   SubSystem ID           : 0x8086",
        "[2023-01-10 18:36:49 INFO]   Controller ID          : 0",
        "[2023-01-10 18:36:49 INFO] ",
        "[2023-01-10 18:36:49 INFO] ===============================================================================",
        "[2023-01-10 18:36:49 INFO] [SETUP  ] Start SPDK NVME cli FW update",
        "[2023-01-10 18:36:49 INFO] ===============================================================================",
        "[2023-01-10 18:36:49 INFO] [SETUP  ] Get controller list",
        "[2023-01-10 18:36:49 INFO] {'0000:03:00.0': {'ns': ['0000:03:00.0']}}",
        "[2023-01-10 18:36:49 INFO] Controller Dict: {'0000:03:00.0': {'ns': ['0000:03:00.0']}}",
        "[2023-01-10 18:36:49 INFO] ProjectSpecificFWUpdate : BHB",
        "[2023-01-10 18:36:49 INFO] Check Pita Cmd:udevadm info --name=/dev/ttyACM1 --attribute-walk | grep \"Cypress Semiconductor\" | grep manufacturer",
        "    ATTRS{manufacturer}==\"Cypress Semiconductor\"",
        "[2023-01-10 18:36:51 INFO] Found Pita:/dev/ttyACM1",
        "[2023-01-10 18:36:51 INFO] Found the following methods to issue powerloss on host ['pita']",
        "[2023-01-10 18:36:51 INFO] BoardRev: Rev 4 FWRev: DP 1.8",
        "[2023-01-10 18:36:51 INFO] Looking in /home/jenkins/jenkins_jobs/workspace/Prod_BHB_CI_B3MB_HW_SPDK_Branch/CFG_FILE/sanity.cfg/ITERATION/1/NAND/b3mb/label/NAND_B3MB/trenton-b3mb/fw_release_package/benchsigned/debug for firmware file",
        "[2023-01-10 18:36:51 INFO] Found firmware file unified_image.bin",
        "[2023-01-10 18:36:51 INFO] ============================================================",
        "[2023-01-10 18:36:51 INFO] Firmware Update:",
        "[2023-01-10 18:36:51 INFO]   NVME Cli: /home/jenkins/jenkins_jobs/workspace/Prod_BHB_CI_B3MB_HW_SPDK_Branch/CFG_FILE/sanity.cfg/ITERATION/1/NAND/b3mb/label/NAND_B3MB/ent_ssd_test/utils/spdk_nvme_cli/nvme",
        "[2023-01-10 18:36:51 INFO]   FW File : /home/jenkins/jenkins_jobs/workspace/Prod_BHB_CI_B3MB_HW_SPDK_Branch/CFG_FILE/sanity.cfg/ITERATION/1/NAND/b3mb/label/NAND_B3MB/trenton-b3mb/fw_release_package/benchsigned/debug/unified_image.bin",
        "[2023-01-10 18:36:51 INFO]   Ctrlr   : 0000:03:00.0",
        "[2023-01-10 18:36:51 INFO] ============================================================",
        "[2023-01-10 18:36:51 CMD ] ['cd /home/jenkins/jenkins_jobs/workspace/Prod_BHB_CI_B3MB_HW_SPDK_Branch/CFG_FILE/sanity.cfg/ITERATION/1/NAND/b3mb/label/NAND_B3MB/ent_ssd_test/utils/spdk_nvme_cli;sudo ./nvme list']",
        "[2023-01-10 18:36:54 INFO] Node             SN                   Model                                    Namespace Usage                      Format           FW Rev",
        "[2023-01-10 18:36:54 INFO] ---------------- -------------------- ---------------------------------------- --------- -------------------------- ---------------- --------",
        "[2023-01-10 18:36:54 INFO] 0000:03:00.0     ISN                  SSDP42KX040T1ES                          1           3.30  TB /   3.30  TB      4 KiB +  0 B   A.14.23",
        "[2023-01-10 18:36:54 INFO] 0000:03:00.0     ISN                  SSDP42KX040T1ES                          2           0.00   B /   0.00   B      1   B +  0 B   A.14.23",
        "[2023-01-10 18:36:54 INFO] 0000:03:00.0     ISN                  SSDP42KX040T1ES                          3           0.00   B /   0.00   B      1   B +  0 B   A.14.23",
        "[2023-01-10 18:36:54 INFO] 0000:03:00.0     ISN                  SSDP42KX040T1ES                          4           0.00   B /   0.00   B      1   B +  0 B   A.14.23",
        "[2023-01-10 18:36:54 INFO] 0000:03:00.0     ISN                  SSDP42KX040T1ES                          5           0.00   B /   0.00   B      1   B +  0 B   A.14.23",
        "[2023-01-10 18:36:54 INFO] 0000:03:00.0     ISN                  SSDP42KX040T1ES                          6           0.00   B /   0.00   B      1   B +  0 B   A.14.23",
        "[2023-01-10 18:36:54 INFO] 0000:03:00.0     ISN                  SSDP42KX040T1ES                          7           0.00   B /   0.00   B      1   B +  0 B   A.14.23",
        "[2023-01-10 18:36:54 INFO] 0000:03:00.0     ISN                  SSDP42KX040T1ES                          8           0.00   B /   0.00   B      1   B +  0 B   A.14.23",
        "[2023-01-10 18:36:54 INFO] 0000:03:00.0     ISN                  SSDP42KX040T1ES                          9           0.00   B /   0.00   B      1   B +  0 B   A.14.23",
        "[2023-01-10 18:36:54 INFO] 0000:03:00.0     ISN                  SSDP42KX040T1ES                          10          0.00   B /   0.00   B      1   B +  0 B   A.14.23",
        "[2023-01-10 18:36:54 INFO] 0000:03:00.0     ISN                  SSDP42KX040T1ES                          11          0.00   B /   0.00   B      1   B +  0 B   A.14.23",
        "[2023-01-10 18:36:54 INFO] 0000:03:00.0     ISN                  SSDP42KX040T1ES                          12          0.00   B /   0.00   B      1   B +  0 B   A.14.23",
        "[2023-01-10 18:36:54 INFO] 0000:03:00.0     ISN                  SSDP42KX040T1ES                          13          0.00   B /   0.00   B      1   B +  0 B   A.14.23",
        "[2023-01-10 18:36:54 INFO] 0000:03:00.0     ISN                  SSDP42KX040T1ES                          14          0.00   B /   0.00   B      1   B +  0 B   A.14.23",
        "[2023-01-10 18:36:54 INFO] 0000:03:00.0     ISN                  SSDP42KX040T1ES                          15          0.00   B /   0.00   B      1   B +  0 B   A.14.23",
        "[2023-01-10 18:36:54 INFO] 0000:03:00.0     ISN                  SSDP42KX040T1ES                          16          0.00   B /   0.00   B      1   B +  0 B   A.14.23",
        "[2023-01-10 18:36:54 CMD ] ['cd /home/jenkins/jenkins_jobs/workspace/Prod_BHB_CI_B3MB_HW_SPDK_Branch/CFG_FILE/sanity.cfg/ITERATION/1/NAND/b3mb/label/NAND_B3MB/ent_ssd_test/utils/spdk_nvme_cli;sudo ./nvme id-ctrl 0000:03:00.0 -v']",
        "[2023-01-10 18:36:56 INFO] ============================================================",
        "[2023-01-10 18:36:56 INFO] SpdkFWUpdateBHB: Drive is healthy",
        "[2023-01-10 18:36:56 INFO] ============================================================",
        "[2023-01-10 18:36:56 CMD ] ['cd /home/jenkins/jenkins_jobs/workspace/Prod_BHB_CI_B3MB_HW_SPDK_Branch/CFG_FILE/sanity.cfg/ITERATION/1/NAND/b3mb/label/NAND_B3MB/ent_ssd_test/utils/spdk_nvme_cli;sudo ./nvme fw-download-cmt 0000:03:00.0 --fw=/home/jenkins/jenkins_jobs/workspace/Prod_BHB_CI_B3MB_HW_SPDK_Branch/CFG_FILE/sanity.cfg/ITERATION/1/NAND/b3mb/label/NAND_B3MB/trenton-b3mb/fw_release_package/benchsigned/debug/unified_image.bin --slot=1 --action=1']",
        "[2023-01-10 18:36:56 INFO] Starting SPDK v18.10-pre / DPDK 18.08.0 initialization...",
        "[2023-01-10 18:36:56 INFO] [ DPDK EAL parameters: nvme_cli -c 0x1 -m 512 --file-prefix=spdk0 --base-virtaddr=0x200000000000 --proc-type=auto ]",
        "[2023-01-10 18:36:56 INFO] EAL: Detected 8 lcore(s)",
        "[2023-01-10 18:36:56 INFO] EAL: Detected 1 NUMA nodes",
        "[2023-01-10 18:36:56 INFO] EAL: Auto-detected process type: PRIMARY",
        "[2023-01-10 18:36:56 INFO] EAL: Multi-process socket /var/run/dpdk/spdk0/mp_socket",
        "[2023-01-10 18:36:56 INFO] EAL: No free hugepages reported in hugepages-1048576kB",
        "[2023-01-10 18:36:56 INFO] EAL: Probing VFIO support...",
        "[2023-01-10 18:36:56 INFO] EAL: VFIO support initialized",
        "[2023-01-10 18:36:56 INFO] EAL: PCI device 0000:03:00.0 on NUMA socket -1",
        "[2023-01-10 18:36:56 INFO] EAL:   Invalid NUMA socket, default to 0",
        "[2023-01-10 18:36:56 INFO] EAL:   probe driver: 8086:8627 spdk_nvme",
        "[2023-01-10 18:36:59 INFO] nvme_ctrlr.c:2035:nvme_ctrlr_process_init: *WARNING*: CSTS.RDY was set to 1 after 489 us",
        "[2023-01-10 18:36:59 INFO] nvme_qpair.c: 115:nvme_admin_qpair_print_command: *NOTICE*: GET LOG PAGE (02) sqid:0 cid:94 nsid:ffffffff cdw10:007f00c0 cdw11:00000000",
        "[2023-01-10 18:36:59 INFO] nvme_qpair.c: 303:nvme_qpair_print_completion: *NOTICE*: INVALID FIELD (00/02) sqid:0 cid:94 cdw0:0 sqhd:000c p:1 m:0 dnr:0",
        "[2023-01-10 18:36:59 INFO] nvme_ctrlr.c: 398:nvme_ctrlr_set_intel_support_log_pages: *WARNING*: Intel log pages not supported on Intel drive!",
        "[2023-01-10 18:38:38 INFO] Firmware download success",
        "[2023-01-10 18:38:38 INFO] Success committing firmware action:1 slot:1",
        "[2023-01-10 18:38:38 INFO] SpdkFWUpdateBHB: FW download and activate completed",
        "[2023-01-10 18:38:38 INFO] SpdkFWUpdateBHB: Disable UIO driver",
        "[2023-01-10 18:38:38 CMD ] ['sudo /home/jenkins/jenkins_jobs/workspace/Prod_BHB_CI_B3MB_HW_SPDK_Branch/CFG_FILE/sanity.cfg/ITERATION/1/NAND/b3mb/label/NAND_B3MB/ent_ssd_test/lib/spdk/scripts/setup.sh reset']",
        "[2023-01-10 18:38:38 INFO] 0000:03:00.0 (8086 8627): uio_pci_generic -> no driver",
        "[2023-01-10 18:38:38 INFO] Display driver status",
        "[2023-01-10 18:38:38 INFO] uio_pci_generic        16384  0",
        "[2023-01-10 18:38:38 INFO] uio                    20480  1 uio_pci_generic",
        "[2023-01-10 18:38:38 INFO] SpdkFWUpdateBHB: Shutdown NVMe controller",
        "[2023-01-10 18:38:58 INFO] SpdkFWUpdateBHB: Perform PITA power cycle drive",
        "[2023-01-10 18:39:09 INFO] SpdkFWUpdateBHB: Perform lspci check",
        "[2023-01-10 18:39:09 CMD ] ['sudo lspci | grep Non-Volatile']",
        "[2023-01-10 18:39:09 CMD ] ['sudo lspci -vvv -d:8627']",
        "[2023-01-10 18:39:09 CMD ] ['sudo lspci -vvv -d:8627 | grep LnkSta:']",
        "[2023-01-10 18:39:09 INFO] Passed: lspci_check, lspci: Unable to load libkmod resources: error -12",
        "\t\tLnkSta:\tSpeed 16GT/s (ok), Width x4 (ok)",
        "",
        "[2023-01-10 18:39:09 INFO] SpdkFWUpdateBHB: Enable UIO driver",
        "[2023-01-10 18:39:09 CMD ] ['sudo /home/jenkins/jenkins_jobs/workspace/Prod_BHB_CI_B3MB_HW_SPDK_Branch/CFG_FILE/sanity.cfg/ITERATION/1/NAND/b3mb/label/NAND_B3MB/ent_ssd_test/lib/spdk/scripts/setup.sh']",
        "[2023-01-10 18:39:09 INFO] 0000:03:00.0 (8086 8627): Already using the uio_pci_generic driver",
        "[2023-01-10 18:39:09 INFO] Display driver status",
        "[2023-01-10 18:39:09 INFO] uio_pci_generic        16384  0",
        "[2023-01-10 18:39:09 INFO] uio                    20480  1 uio_pci_generic",
        "[2023-01-10 18:39:09 CMD ] ['cd /home/jenkins/jenkins_jobs/workspace/Prod_BHB_CI_B3MB_HW_SPDK_Branch/CFG_FILE/sanity.cfg/ITERATION/1/NAND/b3mb/label/NAND_B3MB/ent_ssd_test/utils/spdk_nvme_cli;sudo ./nvme list'] with 360 secs timeout",
        "[2023-01-10 18:39:30 INFO] Node             SN                   Model                                    Namespace Usage                      Format           FW Rev",
        "[2023-01-10 18:39:30 INFO] ---------------- -------------------- ---------------------------------------- --------- -------------------------- ---------------- --------",
        "[2023-01-10 18:39:30 INFO] 0000:03:00.0     ISN                  SSDP42KX040T1ES                          1           0.00   B /   0.00   B      1   B +  0 B   A.15.0",
        "[2023-01-10 18:39:30 INFO] 0000:03:00.0     ISN                  SSDP42KX040T1ES                          2           0.00   B /   0.00   B      1   B +  0 B   A.15.0",
        "[2023-01-10 18:39:30 INFO] 0000:03:00.0     ISN                  SSDP42KX040T1ES                          3           0.00   B /   0.00   B      1   B +  0 B   A.15.0",
        "[2023-01-10 18:39:30 INFO] 0000:03:00.0     ISN                  SSDP42KX040T1ES                          4           0.00   B /   0.00   B      1   B +  0 B   A.15.0",
        "[2023-01-10 18:39:30 INFO] 0000:03:00.0     ISN                  SSDP42KX040T1ES                          5           0.00   B /   0.00   B      1   B +  0 B   A.15.0",
        "[2023-01-10 18:39:30 INFO] 0000:03:00.0     ISN                  SSDP42KX040T1ES                          6           0.00   B /   0.00   B      1   B +  0 B   A.15.0",
        "[2023-01-10 18:39:30 INFO] 0000:03:00.0     ISN                  SSDP42KX040T1ES                          7           0.00   B /   0.00   B      1   B +  0 B   A.15.0",
        "[2023-01-10 18:39:30 INFO] 0000:03:00.0     ISN                  SSDP42KX040T1ES                          8           0.00   B /   0.00   B      1   B +  0 B   A.15.0",
        "[2023-01-10 18:39:30 INFO] 0000:03:00.0     ISN                  SSDP42KX040T1ES                          9           0.00   B /   0.00   B      1   B +  0 B   A.15.0",
        "[2023-01-10 18:39:30 INFO] 0000:03:00.0     ISN                  SSDP42KX040T1ES                          10          0.00   B /   0.00   B      1   B +  0 B   A.15.0",
        "[2023-01-10 18:39:30 INFO] 0000:03:00.0     ISN                  SSDP42KX040T1ES                          11          0.00   B /   0.00   B      1   B +  0 B   A.15.0",
        "[2023-01-10 18:39:30 INFO] 0000:03:00.0     ISN                  SSDP42KX040T1ES                          12          0.00   B /   0.00   B      1   B +  0 B   A.15.0",
        "[2023-01-10 18:39:30 INFO] 0000:03:00.0     ISN                  SSDP42KX040T1ES                          13          0.00   B /   0.00   B      1   B +  0 B   A.15.0",
        "[2023-01-10 18:39:30 INFO] 0000:03:00.0     ISN                  SSDP42KX040T1ES                          14          0.00   B /   0.00   B      1   B +  0 B   A.15.0",
        "[2023-01-10 18:39:30 INFO] 0000:03:00.0     ISN                  SSDP42KX040T1ES                          15          0.00   B /   0.00   B      1   B +  0 B   A.15.0",
        "[2023-01-10 18:39:30 INFO] 0000:03:00.0     ISN                  SSDP42KX040T1ES                          16          0.00   B /   0.00   B      1   B +  0 B   A.15.0",
        "[2023-01-10 18:39:30 INFO] SpdkFWUpdateBHB: Update controller info",
        "[2023-01-10 18:39:30 CMD ] ['cd /home/jenkins/jenkins_jobs/workspace/Prod_BHB_CI_B3MB_HW_SPDK_Branch/CFG_FILE/sanity.cfg/ITERATION/1/NAND/b3mb/label/NAND_B3MB/ent_ssd_test/utils/spdk_nvme_cli;sudo ./nvme list'] with 300 secs timeout",
        "[2023-01-10 18:39:32 INFO] Initialize duts_list ...",
        "[2023-01-10 18:39:32 CMD ] ['cd /home/jenkins/jenkins_jobs/workspace/Prod_BHB_CI_B3MB_HW_SPDK_Branch/CFG_FILE/sanity.cfg/ITERATION/1/NAND/b3mb/label/NAND_B3MB/ent_ssd_test/utils/spdk_nvme_cli;sudo ./nvme list'] with 300 secs timeout",
        "[2023-01-10 18:39:35 INFO] Controller Dict: {'0000:03:00.0': {'ns': ['0000:03:00.0']}}",
        "[2023-01-10 18:39:35 INFO] Collect DUT ['0000:03:00.0'] info ...",
        "[2023-01-10 18:39:35 CMD ] ['cd /home/jenkins/jenkins_jobs/workspace/Prod_BHB_CI_B3MB_HW_SPDK_Branch/CFG_FILE/sanity.cfg/ITERATION/1/NAND/b3mb/label/NAND_B3MB/ent_ssd_test/utils/spdk_nvme_cli;sudo ./nvme id-ctrl 0000:03:00.0 -o json'] with 300 secs timeout",
        "[2023-01-10 18:39:37 INFO] 0000:03:00.0",
        "[2023-01-10 18:39:37 INFO]   Model                  : SSDP42KX040T1ES",
        "[2023-01-10 18:39:37 INFO]   Serial                 : ISN",
        "[2023-01-10 18:39:37 INFO]   Firmware               : A.15.0",
        "[2023-01-10 18:39:37 INFO]   Capacity               : 3298534883328",
        "[2023-01-10 18:39:37 INFO]   Unallocated Capacity   : 3298534879232",
        "[2023-01-10 18:39:37 INFO]   SubSystem ID           : 0x8086",
        "[2023-01-10 18:39:37 INFO]   Controller ID          : 0",
        "[2023-01-10 18:39:37 INFO] ",
        "[2023-01-10 18:39:37 CMD ] ['cd /home/jenkins/jenkins_jobs/workspace/Prod_BHB_CI_B3MB_HW_SPDK_Branch/CFG_FILE/sanity.cfg/ITERATION/1/NAND/b3mb/label/NAND_B3MB/ent_ssd_test/utils/spdk_nvme_cli;sudo ./nvme list'] with 300 secs timeout",
        "[2023-01-10 18:39:40 INFO] Controller Dict: {'0000:03:00.0': {'ns': ['0000:03:00.0']}}",
        "[2023-01-10 18:39:40 CMD ] ['cd /home/jenkins/jenkins_jobs/workspace/Prod_BHB_CI_B3MB_HW_SPDK_Branch/CFG_FILE/sanity.cfg/ITERATION/1/NAND/b3mb/label/NAND_B3MB/ent_ssd_test/utils/spdk_nvme_cli;sudo ./nvme id-ctrl 0000:03:00.0 -v']",
        "[2023-01-10 18:39:43 INFO] ============================================================",
        "[2023-01-10 18:39:43 INFO] SpdkFWUpdateBHB: Drive is healthy",
        "[2023-01-10 18:39:43 INFO] ============================================================",
        "[2023-01-10 18:39:43 INFO] ===============================================================================",
        "[2023-01-10 18:39:43 INFO] [SETUP  ] SPDK NVME cli FW update succeeded",
        "[2023-01-10 18:39:43 INFO] ===============================================================================",
        "[2023-01-10 18:39:43 INFO] Initialize duts_list ...",
        "[2023-01-10 18:39:43 CMD ] ['cd /home/jenkins/jenkins_jobs/workspace/Prod_BHB_CI_B3MB_HW_SPDK_Branch/CFG_FILE/sanity.cfg/ITERATION/1/NAND/b3mb/label/NAND_B3MB/ent_ssd_test/utils/spdk_nvme_cli;sudo ./nvme list'] with 300 secs timeout",
        "[2023-01-10 18:39:45 INFO] Controller Dict: {'0000:03:00.0': {'ns': ['0000:03:00.0']}}",
        "[2023-01-10 18:39:45 INFO] Collect DUT ['0000:03:00.0'] info ...",
        "[2023-01-10 18:39:45 CMD ] ['cd /home/jenkins/jenkins_jobs/workspace/Prod_BHB_CI_B3MB_HW_SPDK_Branch/CFG_FILE/sanity.cfg/ITERATION/1/NAND/b3mb/label/NAND_B3MB/ent_ssd_test/utils/spdk_nvme_cli;sudo ./nvme id-ctrl 0000:03:00.0 -o json'] with 300 secs timeout",
        "[2023-01-10 18:39:48 INFO] 0000:03:00.0",
        "[2023-01-10 18:39:48 INFO]   Model                  : SSDP42KX040T1ES",
        "[2023-01-10 18:39:48 INFO]   Serial                 : ISN",
        "[2023-01-10 18:39:48 INFO]   Firmware               : A.15.0",
        "[2023-01-10 18:39:48 INFO]   Capacity               : 3298534883328",
        "[2023-01-10 18:39:48 INFO]   Unallocated Capacity   : 3298534879232",
        "[2023-01-10 18:39:48 INFO]   SubSystem ID           : 0x8086",
        "[2023-01-10 18:39:48 INFO]   Controller ID          : 0",
        "[2023-01-10 18:39:48 INFO] ",
        "[2023-01-10 18:39:48 INFO] Check Pita Cmd:udevadm info --name=/dev/ttyACM1 --attribute-walk | grep \"Cypress Semiconductor\" | grep manufacturer",
        "    ATTRS{manufacturer}==\"Cypress Semiconductor\"",
        "[2023-01-10 18:39:50 INFO] Found Pita:/dev/ttyACM1",
        "[2023-01-10 18:39:50 INFO] Found the following methods to issue powerloss on host ['pita']",
        "[2023-01-10 18:39:50 INFO] BoardRev: Rev 4 FWRev: DP 1.8",
        "[2023-01-10 18:39:50 INFO] {'0000:03:00.0': {'ns': ['0000:03:00.0']}}",
        "[2023-01-10 18:39:50 INFO] Controller Dict: {'0000:03:00.0': {'ns': ['0000:03:00.0']}}",
        "[2023-01-10 18:39:50 INFO] Issuing setup disable logical command to drive",
        "[2023-01-10 18:39:50 INFO] Generate Unlock file path is /home/jenkins/jenkins_jobs/workspace/Prod_BHB_CI_B3MB_HW_SPDK_Branch/CFG_FILE/sanity.cfg/ITERATION/1/NAND/b3mb/label/NAND_B3MB/ent_ssd_test/functional_test/pytest/unlock",
        "[2023-01-10 18:39:50 INFO] Generate Unlock file command is echo -n \"What is your favorite color? Bring out your dead. HOOT\" > /home/jenkins/jenkins_jobs/workspace/Prod_BHB_CI_B3MB_HW_SPDK_Branch/CFG_FILE/sanity.cfg/ITERATION/1/NAND/b3mb/label/NAND_B3MB/ent_ssd_test/functional_test/pytest/unlock",
        "[2023-01-10 18:39:50 CMD ] ['cd /home/jenkins/jenkins_jobs/workspace/Prod_BHB_CI_B3MB_HW_SPDK_Branch/CFG_FILE/sanity.cfg/ITERATION/1/NAND/b3mb/label/NAND_B3MB/ent_ssd_test/utils/spdk_nvme_cli;sudo ./nvme admin-passthru 0000:03:00.0 --opcode=225 --namespace-id=1 --cdw10=128 --cdw12=4294967294 --cdw13=1 --write --data-len=512 --input-file=/home/jenkins/jenkins_jobs/workspace/Prod_BHB_CI_B3MB_HW_SPDK_Branch/CFG_FILE/sanity.cfg/ITERATION/1/NAND/b3mb/label/NAND_B3MB/ent_ssd_test/functional_test/pytest/unlock --prefill=0']",
        "[2023-01-10 18:39:53 INFO] Unlock drive result: Starting SPDK v18.10-pre / DPDK 18.08.0 initialization...",
        "[ DPDK EAL parameters: nvme_cli -c 0x1 -m 512 --file-prefix=spdk0 --base-virtaddr=0x200000000000 --proc-type=auto ]",
        "EAL: Detected 8 lcore(s)",
        "EAL: Detected 1 NUMA nodes",
        "EAL: Auto-detected process type: PRIMARY",
        "EAL: Multi-process socket /var/run/dpdk/spdk0/mp_socket",
        "EAL: No free hugepages reported in hugepages-1048576kB",
        "EAL: Probing VFIO support...",
        "EAL: VFIO support initialized",
        "EAL: PCI device 0000:03:00.0 on NUMA socket -1",
        "EAL:   Invalid NUMA socket, default to 0",
        "EAL:   probe driver: 8086:8627 spdk_nvme",
        "nvme_ctrlr.c:2035:nvme_ctrlr_process_init: *WARNING*: CSTS.RDY was set to 1 after 491 us",
        "nvme_qpair.c: 115:nvme_admin_qpair_print_command: *NOTICE*: GET LOG PAGE (02) sqid:0 cid:95 nsid:ffffffff cdw10:007f00c0 cdw11:00000000",
        "nvme_qpair.c: 303:nvme_qpair_print_completion: *NOTICE*: INVALID FIELD (00/02) sqid:0 cid:95 cdw0:0 sqhd:000a p:1 m:0 dnr:0",
        "nvme_ctrlr.c: 398:nvme_ctrlr_set_intel_support_log_pages: *WARNING*: Intel log pages not supported on Intel drive!",
        "NVMe command result:000000e1",
        "",
        "[2023-01-10 18:39:53 INFO] Deleted unlock file at /home/jenkins/jenkins_jobs/workspace/Prod_BHB_CI_B3MB_HW_SPDK_Branch/CFG_FILE/sanity.cfg/ITERATION/1/NAND/b3mb/label/NAND_B3MB/ent_ssd_test/functional_test/pytest/unlock",
        "[2023-01-10 18:39:53 CMD ] ['cd /home/jenkins/jenkins_jobs/workspace/Prod_BHB_CI_B3MB_HW_SPDK_Branch/CFG_FILE/sanity.cfg/ITERATION/1/NAND/b3mb/label/NAND_B3MB/ent_ssd_test/utils/spdk_nvme_cli;sudo ./nvme admin-passthru 0000:03:00.0 --opcode=225 --namespace-id=1 --cdw10=128 --cdw12=4294967247 --cdw13=1 --write --data-len=512 --input-file=/home/jenkins/jenkins_jobs/workspace/Prod_BHB_CI_B3MB_HW_SPDK_Branch/CFG_FILE/sanity.cfg/ITERATION/1/NAND/b3mb/label/NAND_B3MB/ent_ssd_test/functional_test/pytest/disable_logical']",
        "[2023-01-10 18:39:55 INFO] Deleted disable logical buffer file at /home/jenkins/jenkins_jobs/workspace/Prod_BHB_CI_B3MB_HW_SPDK_Branch/CFG_FILE/sanity.cfg/ITERATION/1/NAND/b3mb/label/NAND_B3MB/ent_ssd_test/functional_test/pytest/disable_logical",
        "[2023-01-10 18:39:55 INFO] Setup disable Logical Test Command Success",
        "[2023-01-10 18:39:55 INFO] Disable spdk Driver ...",
        "[2023-01-10 18:39:55 CMD ] sudo /home/jenkins/jenkins_jobs/workspace/Prod_BHB_CI_B3MB_HW_SPDK_Branch/CFG_FILE/sanity.cfg/ITERATION/1/NAND/b3mb/label/NAND_B3MB/ent_ssd_test/lib/spdk/scripts/setup.sh reset",
        "[2023-01-10 18:39:56 INFO] 0000:03:00.0 (8086 8627): uio_pci_generic -> no driver",
        "[2023-01-10 18:39:56 INFO] Display driver status",
        "[2023-01-10 18:39:56 INFO] uio_pci_generic        16384  0",
        "[2023-01-10 18:39:56 INFO] uio                    20480  1 uio_pci_generic",
        "[2023-01-10 18:39:56 INFO] Doing pita power cycle",
        "[2023-01-10 18:39:56 CMD ] ['sudo lspci | grep Non-Volatile']",
        "[2023-01-10 18:39:56 CMD ] ['sudo lspci -vvv -d:8627']",
        "[2023-01-10 18:39:56 CMD ] ['sudo lspci -vvv -d:8627 | grep LnkSta:']",
        "[2023-01-10 18:39:56 INFO] Passed: lspci_check, lspci: Unable to load libkmod resources: error -12",
        "\t\tLnkSta:\tSpeed 16GT/s (ok), Width x4 (ok)",
        "",
        "[2023-01-10 18:39:56 INFO] Check Pita Cmd:udevadm info --name=/dev/ttyACM1 --attribute-walk | grep \"Cypress Semiconductor\" | grep manufacturer",
        "    ATTRS{manufacturer}==\"Cypress Semiconductor\"",
        "[2023-01-10 18:39:58 INFO] Found Pita:/dev/ttyACM1",
        "[2023-01-10 18:39:58 INFO] Found the following methods to issue powerloss on host ['pita']",
        "[2023-01-10 18:39:58 INFO] bhb_recovery: Performing power cycle",
        "[2023-01-10 18:39:58 INFO] DUT removing SPDK driver",
        "[2023-01-10 18:39:58 CMD ] ['sudo /home/jenkins/jenkins_jobs/workspace/Prod_BHB_CI_B3MB_HW_SPDK_Branch/CFG_FILE/sanity.cfg/ITERATION/1/NAND/b3mb/label/NAND_B3MB/ent_ssd_test/lib/spdk/scripts/setup.sh reset']",
        "[2023-01-10 18:39:58 INFO] 0000:03:00.0 (8086 8627): no driver -> no driver",
        "[2023-01-10 18:39:58 CMD ] ['sudo modprobe -r uio_pci_generic uio']",
        "[2023-01-10 18:39:58 INFO] Scanning udev for NVMe devices",
        "[2023-01-10 18:39:58 INFO] DUT discovered at bus location 0000:03:00.0",
        "[2023-01-10 18:39:58 INFO] ctrl_dbdf is None",
        "[2023-01-10 18:39:58 INFO] DUT 0000:03:00.0 starting power cycles",
        "[2023-01-10 18:39:58 INFO] DUT 0000:03:00.0 PITA powercycle try 1",
        "[2023-01-10 18:39:59 INFO] DUT 0000:03:00.0 sleeping for 10 secs after power cycle",
        "[2023-01-10 18:40:09 INFO] Scanning udev for NVMe devices",
        "[2023-01-10 18:40:09 INFO] DUT 0000:03:00.0 is on the bus at loc 0000:03:00.0",
        "[2023-01-10 18:40:14 CMD ] ['sudo lspci | grep Non-Volatile']",
        "[2023-01-10 18:40:14 CMD ] ['sudo lspci -vvv -d:8627']",
        "[2023-01-10 18:40:14 CMD ] ['sudo lspci -vvv -d:8627 | grep LnkSta:']",
        "[2023-01-10 18:40:14 INFO] Passed: lspci_check, lspci: Unable to load libkmod resources: error -12",
        "\t\tLnkSta:\tSpeed 16GT/s (ok), Width x4 (ok)",
        "",
        "[2023-01-10 18:40:14 INFO] Power cycle and check drive Success status 0 output lspci check passed after polling for 5 seconds and power cycle retry 1",
        "[2023-01-10 18:40:14 INFO] Enable spdk Driver ...",
        "[2023-01-10 18:40:14 CMD ] sudo /home/jenkins/jenkins_jobs/workspace/Prod_BHB_CI_B3MB_HW_SPDK_Branch/CFG_FILE/sanity.cfg/ITERATION/1/NAND/b3mb/label/NAND_B3MB/ent_ssd_test/lib/spdk/scripts/setup.sh",
        "[2023-01-10 18:40:14 INFO] 0000:03:00.0 (8086 8627): no driver -> uio_pci_generic",
        "[2023-01-10 18:40:14 INFO] Display driver status",
        "[2023-01-10 18:40:14 INFO] uio_pci_generic        16384  0",
        "[2023-01-10 18:40:14 INFO] uio                    20480  1 uio_pci_generic",
        "[2023-01-10 18:40:24 INFO] Initialize DUT after power cycle ...",
        "[2023-01-10 18:40:24 CMD ] ['cd /home/jenkins/jenkins_jobs/workspace/Prod_BHB_CI_B3MB_HW_SPDK_Branch/CFG_FILE/sanity.cfg/ITERATION/1/NAND/b3mb/label/NAND_B3MB/ent_ssd_test/utils/spdk_nvme_cli;sudo ./nvme list'] with 300 secs timeout",
        "[2023-01-10 18:40:27 INFO] Initialize duts_list ...",
        "[2023-01-10 18:40:27 CMD ] ['cd /home/jenkins/jenkins_jobs/workspace/Prod_BHB_CI_B3MB_HW_SPDK_Branch/CFG_FILE/sanity.cfg/ITERATION/1/NAND/b3mb/label/NAND_B3MB/ent_ssd_test/utils/spdk_nvme_cli;sudo ./nvme list'] with 300 secs timeout",
        "[2023-01-10 18:40:29 INFO] Controller Dict: {'0000:03:00.0': {'ns': ['0000:03:00.0']}}",
        "[2023-01-10 18:40:29 INFO] Collect DUT ['0000:03:00.0'] info ...",
        "[2023-01-10 18:40:29 CMD ] ['cd /home/jenkins/jenkins_jobs/workspace/Prod_BHB_CI_B3MB_HW_SPDK_Branch/CFG_FILE/sanity.cfg/ITERATION/1/NAND/b3mb/label/NAND_B3MB/ent_ssd_test/utils/spdk_nvme_cli;sudo ./nvme id-ctrl 0000:03:00.0 -o json'] with 300 secs timeout",
        "[2023-01-10 18:40:31 INFO] 0000:03:00.0",
        "[2023-01-10 18:40:31 INFO]   Model                  : SSDP42KX040T1ES",
        "[2023-01-10 18:40:31 INFO]   Serial                 : ISN",
        "[2023-01-10 18:40:31 INFO]   Firmware               : A.15.0",
        "[2023-01-10 18:40:31 INFO]   Capacity               : 3298534883328",
        "[2023-01-10 18:40:31 INFO]   Unallocated Capacity   : 4096",
        "[2023-01-10 18:40:31 INFO]   SubSystem ID           : 0x8086",
        "[2023-01-10 18:40:31 INFO]   Controller ID          : 0",
        "[2023-01-10 18:40:31 INFO] ",
        "[2023-01-10 18:40:31 INFO] {'0000:03:00.0': {'ns': ['0000:03:00.0']}}",
        "[2023-01-10 18:40:31 INFO] Controller Dict: {'0000:03:00.0': {'ns': ['0000:03:00.0']}}",
        "[2023-01-10 18:40:31 INFO] Check drive is in Disable logical state ...",
        "[2023-01-10 18:40:31 CMD ] ['cd /home/jenkins/jenkins_jobs/workspace/Prod_BHB_CI_B3MB_HW_SPDK_Branch/CFG_FILE/sanity.cfg/ITERATION/1/NAND/b3mb/label/NAND_B3MB/ent_ssd_test/utils/spdk_nvme_cli;sudo ./nvme id-ctrl 0000:03:00.0 -v']",
        "[2023-01-10 18:40:34 INFO] Drive is in Disable Logical state now",
        "[2023-01-10 18:40:34 INFO] {'0000:03:00.0': {'ns': ['0000:03:00.0']}}",
        "[2023-01-10 18:40:34 INFO] Controller Dict: {'0000:03:00.0': {'ns': ['0000:03:00.0']}}",
        "[2023-01-10 18:40:34 INFO] =============================================================================",
        "[2023-01-10 18:40:34 INFO] Start LLF Test command after the putting the drive into disable logical state",
        "[2023-01-10 18:40:34 INFO] =============================================================================",
        "[2023-01-10 18:40:34 INFO] Generate Unlock file path is /home/jenkins/jenkins_jobs/workspace/Prod_BHB_CI_B3MB_HW_SPDK_Branch/CFG_FILE/sanity.cfg/ITERATION/1/NAND/b3mb/label/NAND_B3MB/ent_ssd_test/functional_test/pytest/unlock",
        "[2023-01-10 18:40:34 INFO] Generate Unlock file command is echo -n \"What is your favorite color? Bring out your dead. HOOT\" > /home/jenkins/jenkins_jobs/workspace/Prod_BHB_CI_B3MB_HW_SPDK_Branch/CFG_FILE/sanity.cfg/ITERATION/1/NAND/b3mb/label/NAND_B3MB/ent_ssd_test/functional_test/pytest/unlock",
        "[2023-01-10 18:40:34 CMD ] ['cd /home/jenkins/jenkins_jobs/workspace/Prod_BHB_CI_B3MB_HW_SPDK_Branch/CFG_FILE/sanity.cfg/ITERATION/1/NAND/b3mb/label/NAND_B3MB/ent_ssd_test/utils/spdk_nvme_cli;sudo ./nvme admin-passthru 0000:03:00.0 --opcode=225 --namespace-id=1 --cdw10=128 --cdw12=4294967294 --cdw13=1 --write --data-len=512 --input-file=/home/jenkins/jenkins_jobs/workspace/Prod_BHB_CI_B3MB_HW_SPDK_Branch/CFG_FILE/sanity.cfg/ITERATION/1/NAND/b3mb/label/NAND_B3MB/ent_ssd_test/functional_test/pytest/unlock --prefill=0']",
        "[2023-01-10 18:40:36 INFO] Unlock drive result: Starting SPDK v18.10-pre / DPDK 18.08.0 initialization...",
        "[ DPDK EAL parameters: nvme_cli -c 0x1 -m 512 --file-prefix=spdk0 --base-virtaddr=0x200000000000 --proc-type=auto ]",
        "EAL: Detected 8 lcore(s)",
        "EAL: Detected 1 NUMA nodes",
        "EAL: Auto-detected process type: PRIMARY",
        "EAL: Multi-process socket /var/run/dpdk/spdk0/mp_socket",
        "EAL: No free hugepages reported in hugepages-1048576kB",
        "EAL: Probing VFIO support...",
        "EAL: VFIO support initialized",
        "EAL: PCI device 0000:03:00.0 on NUMA socket -1",
        "EAL:   Invalid NUMA socket, default to 0",
        "EAL:   probe driver: 8086:8627 spdk_nvme",
        "nvme_ctrlr.c:2035:nvme_ctrlr_process_init: *WARNING*: CSTS.RDY was set to 1 after 301 us",
        "nvme_qpair.c: 115:nvme_admin_qpair_print_command: *NOTICE*: GET LOG PAGE (02) sqid:0 cid:95 nsid:ffffffff cdw10:007f00c0 cdw11:00000000",
        "nvme_qpair.c: 303:nvme_qpair_print_completion: *NOTICE*: INVALID FIELD (00/02) sqid:0 cid:95 cdw0:0 sqhd:000a p:1 m:0 dnr:0",
        "nvme_ctrlr.c: 398:nvme_ctrlr_set_intel_support_log_pages: *WARNING*: Intel log pages not supported on Intel drive!",
        "NVMe command result:000000e1",
        "",
        "[2023-01-10 18:40:36 INFO] Deleted unlock file at /home/jenkins/jenkins_jobs/workspace/Prod_BHB_CI_B3MB_HW_SPDK_Branch/CFG_FILE/sanity.cfg/ITERATION/1/NAND/b3mb/label/NAND_B3MB/ent_ssd_test/functional_test/pytest/unlock",
        "[2023-01-10 18:40:36 CMD ] ['cd /home/jenkins/jenkins_jobs/workspace/Prod_BHB_CI_B3MB_HW_SPDK_Branch/CFG_FILE/sanity.cfg/ITERATION/1/NAND/b3mb/label/NAND_B3MB/ent_ssd_test/utils/spdk_nvme_cli;sudo ./nvme admin-passthru 0000:03:00.0 --opcode=225 --namespace-id=1 --cdw10=128 --cdw12=4294967291 --cdw13=1']",
        "[2023-01-10 18:42:23 INFO] LLF Test command Success after the putting the drive into disable logical state",
        "[2023-01-10 18:42:23 INFO] Disable spdk Driver ...",
        "[2023-01-10 18:42:23 CMD ] sudo /home/jenkins/jenkins_jobs/workspace/Prod_BHB_CI_B3MB_HW_SPDK_Branch/CFG_FILE/sanity.cfg/ITERATION/1/NAND/b3mb/label/NAND_B3MB/ent_ssd_test/lib/spdk/scripts/setup.sh reset",
        "[2023-01-10 18:42:23 INFO] 0000:03:00.0 (8086 8627): uio_pci_generic -> no driver",
        "[2023-01-10 18:42:23 INFO] Display driver status",
        "[2023-01-10 18:42:23 INFO] uio_pci_generic        16384  0",
        "[2023-01-10 18:42:23 INFO] uio                    20480  1 uio_pci_generic",
        "[2023-01-10 18:42:23 INFO] Doing pita power cycle",
        "[2023-01-10 18:42:23 CMD ] ['sudo lspci | grep Non-Volatile']",
        "[2023-01-10 18:42:23 CMD ] ['sudo lspci -vvv -d:8627']",
        "[2023-01-10 18:42:23 CMD ] ['sudo lspci -vvv -d:8627 | grep LnkSta:']",
        "[2023-01-10 18:42:23 INFO] Passed: lspci_check, lspci: Unable to load libkmod resources: error -12",
        "\t\tLnkSta:\tSpeed 16GT/s (ok), Width x4 (ok)",
        "",
        "[2023-01-10 18:42:23 INFO] Check Pita Cmd:udevadm info --name=/dev/ttyACM1 --attribute-walk | grep \"Cypress Semiconductor\" | grep manufacturer",
        "    ATTRS{manufacturer}==\"Cypress Semiconductor\"",
        "[2023-01-10 18:42:25 INFO] Found Pita:/dev/ttyACM1",
        "[2023-01-10 18:42:25 INFO] Found the following methods to issue powerloss on host ['pita']",
        "[2023-01-10 18:42:25 INFO] bhb_recovery: Performing power cycle",
        "[2023-01-10 18:42:25 INFO] DUT removing SPDK driver",
        "[2023-01-10 18:42:25 CMD ] ['sudo /home/jenkins/jenkins_jobs/workspace/Prod_BHB_CI_B3MB_HW_SPDK_Branch/CFG_FILE/sanity.cfg/ITERATION/1/NAND/b3mb/label/NAND_B3MB/ent_ssd_test/lib/spdk/scripts/setup.sh reset']",
        "[2023-01-10 18:42:25 INFO] 0000:03:00.0 (8086 8627): no driver -> no driver",
        "[2023-01-10 18:42:25 CMD ] ['sudo modprobe -r uio_pci_generic uio']",
        "[2023-01-10 18:42:25 INFO] Scanning udev for NVMe devices",
        "[2023-01-10 18:42:25 INFO] DUT discovered at bus location 0000:03:00.0",
        "[2023-01-10 18:42:25 INFO] ctrl_dbdf is None",
        "[2023-01-10 18:42:25 INFO] DUT 0000:03:00.0 starting power cycles",
        "[2023-01-10 18:42:25 INFO] DUT 0000:03:00.0 PITA powercycle try 1",
        "[2023-01-10 18:42:26 INFO] DUT 0000:03:00.0 sleeping for 10 secs after power cycle",
        "[2023-01-10 18:42:36 INFO] Scanning udev for NVMe devices",
        "[2023-01-10 18:42:36 INFO] DUT 0000:03:00.0 is on the bus at loc 0000:03:00.0",
        "[2023-01-10 18:42:41 CMD ] ['sudo lspci | grep Non-Volatile']",
        "[2023-01-10 18:42:41 CMD ] ['sudo lspci -vvv -d:8627']",
        "[2023-01-10 18:42:41 CMD ] ['sudo lspci -vvv -d:8627 | grep LnkSta:']",
        "[2023-01-10 18:42:41 INFO] Passed: lspci_check, lspci: Unable to load libkmod resources: error -12",
        "\t\tLnkSta:\tSpeed 16GT/s (ok), Width x4 (ok)",
        "",
        "[2023-01-10 18:42:41 INFO] Power cycle and check drive Success status 0 output lspci check passed after polling for 5 seconds and power cycle retry 1",
        "[2023-01-10 18:42:41 INFO] Enable spdk Driver ...",
        "[2023-01-10 18:42:41 CMD ] sudo /home/jenkins/jenkins_jobs/workspace/Prod_BHB_CI_B3MB_HW_SPDK_Branch/CFG_FILE/sanity.cfg/ITERATION/1/NAND/b3mb/label/NAND_B3MB/ent_ssd_test/lib/spdk/scripts/setup.sh",
        "[2023-01-10 18:42:42 INFO] 0000:03:00.0 (8086 8627): no driver -> uio_pci_generic",
        "[2023-01-10 18:42:42 INFO] Display driver status",
        "[2023-01-10 18:42:42 INFO] uio_pci_generic        16384  0",
        "[2023-01-10 18:42:42 INFO] uio                    20480  1 uio_pci_generic",
        "[2023-01-10 18:42:52 INFO] Initialize DUT after power cycle ...",
        "[2023-01-10 18:42:52 CMD ] ['cd /home/jenkins/jenkins_jobs/workspace/Prod_BHB_CI_B3MB_HW_SPDK_Branch/CFG_FILE/sanity.cfg/ITERATION/1/NAND/b3mb/label/NAND_B3MB/ent_ssd_test/utils/spdk_nvme_cli;sudo ./nvme list'] with 300 secs timeout",
        "[2023-01-10 18:42:57 INFO] Initialize duts_list ...",
        "[2023-01-10 18:42:57 CMD ] ['cd /home/jenkins/jenkins_jobs/workspace/Prod_BHB_CI_B3MB_HW_SPDK_Branch/CFG_FILE/sanity.cfg/ITERATION/1/NAND/b3mb/label/NAND_B3MB/ent_ssd_test/utils/spdk_nvme_cli;sudo ./nvme list'] with 300 secs timeout",
        "[2023-01-10 18:43:00 INFO] Controller Dict: {'0000:03:00.0': {'ns': ['0000:03:00.0']}}",
        "[2023-01-10 18:43:00 INFO] Collect DUT ['0000:03:00.0'] info ...",
        "[2023-01-10 18:43:00 CMD ] ['cd /home/jenkins/jenkins_jobs/workspace/Prod_BHB_CI_B3MB_HW_SPDK_Branch/CFG_FILE/sanity.cfg/ITERATION/1/NAND/b3mb/label/NAND_B3MB/ent_ssd_test/utils/spdk_nvme_cli;sudo ./nvme id-ctrl 0000:03:00.0 -o json'] with 300 secs timeout",
        "[2023-01-10 18:43:03 INFO] 0000:03:00.0",
        "[2023-01-10 18:43:03 INFO]   Model                  : SSDP42KX040T1ES",
        "[2023-01-10 18:43:03 INFO]   Serial                 : ISN",
        "[2023-01-10 18:43:03 INFO]   Firmware               : A.15.0",
        "[2023-01-10 18:43:03 INFO]   Capacity               : 3298534883328",
        "[2023-01-10 18:43:03 INFO]   Unallocated Capacity   : 0",
        "[2023-01-10 18:43:03 INFO]   SubSystem ID           : 0x8086",
        "[2023-01-10 18:43:03 INFO]   Controller ID          : 0",
        "[2023-01-10 18:43:03 INFO] ",
        "[2023-01-10 18:43:03 INFO] {'0000:03:00.0': {'ns': ['0000:03:00.0']}}",
        "[2023-01-10 18:43:03 INFO] Controller Dict: {'0000:03:00.0': {'ns': ['0000:03:00.0']}}",
        "[2023-01-10 18:43:03 INFO] Check drive is in healthy state ...",
        "[2023-01-10 18:43:03 CMD ] ['cd /home/jenkins/jenkins_jobs/workspace/Prod_BHB_CI_B3MB_HW_SPDK_Branch/CFG_FILE/sanity.cfg/ITERATION/1/NAND/b3mb/label/NAND_B3MB/ent_ssd_test/utils/spdk_nvme_cli;sudo ./nvme id-ctrl 0000:03:00.0 -v']",
        "[2023-01-10 18:43:05 INFO] Drive is in healthy state now",
        "[2023-01-10 18:43:05 INFO] [SETUP  ] LLF Succeeded after FW Update with SPDK NVMe CLI",
        "[2023-01-10 18:43:05 INFO] Initialize duts_list ...",
        "[2023-01-10 18:43:05 CMD ] ['cd /home/jenkins/jenkins_jobs/workspace/Prod_BHB_CI_B3MB_HW_SPDK_Branch/CFG_FILE/sanity.cfg/ITERATION/1/NAND/b3mb/label/NAND_B3MB/ent_ssd_test/utils/spdk_nvme_cli;sudo ./nvme list'] with 300 secs timeout",
        "[2023-01-10 18:43:08 INFO] Controller Dict: {'0000:03:00.0': {'ns': ['0000:03:00.0']}}",
        "[2023-01-10 18:43:08 INFO] Collect DUT ['0000:03:00.0'] info ...",
        "[2023-01-10 18:43:08 CMD ] ['cd /home/jenkins/jenkins_jobs/workspace/Prod_BHB_CI_B3MB_HW_SPDK_Branch/CFG_FILE/sanity.cfg/ITERATION/1/NAND/b3mb/label/NAND_B3MB/ent_ssd_test/utils/spdk_nvme_cli;sudo ./nvme id-ctrl 0000:03:00.0 -o json'] with 300 secs timeout",
        "[2023-01-10 18:43:11 INFO] 0000:03:00.0",
        "[2023-01-10 18:43:11 INFO]   Model                  : SSDP42KX040T1ES",
        "[2023-01-10 18:43:11 INFO]   Serial                 : ISN",
        "[2023-01-10 18:43:11 INFO]   Firmware               : A.15.0",
        "[2023-01-10 18:43:11 INFO]   Capacity               : 3298534883328",
        "[2023-01-10 18:43:11 INFO]   Unallocated Capacity   : 0",
        "[2023-01-10 18:43:11 INFO]   SubSystem ID           : 0x8086",
        "[2023-01-10 18:43:11 INFO]   Controller ID          : 0",
        "[2023-01-10 18:43:11 INFO] ",
        "[2023-01-10 18:43:11 CMD ] ['cd /home/jenkins/jenkins_jobs/workspace/Prod_BHB_CI_B3MB_HW_SPDK_Branch/CFG_FILE/sanity.cfg/ITERATION/1/NAND/b3mb/label/NAND_B3MB/ent_ssd_test/utils/spdk_nvme_cli;sudo ./nvme list'] with 300 secs timeout",
        "[2023-01-10 18:43:13 INFO] Controller Dict: {'0000:03:00.0': {'ns': ['0000:03:00.0']}}",
        "[2023-01-10 18:43:13 INFO] =============================================================================",
        "[2023-01-10 18:43:13 INFO] Retrieve Drive Info from the Drive . Querying with drive info test Command",
        "[2023-01-10 18:43:13 INFO] =============================================================================",
        "[2023-01-10 18:43:13 INFO] query_drive_fw_build_info : Execute Unlock and then issue test-command:tc-drive-info",
        "[2023-01-10 18:43:13 INFO] query_drive_fw_build_info - Issue Unlock Drive",
        "[2023-01-10 18:43:13 INFO] Generate Unlock file path is /home/jenkins/jenkins_jobs/workspace/Prod_BHB_CI_B3MB_HW_SPDK_Branch/CFG_FILE/sanity.cfg/ITERATION/1/NAND/b3mb/label/NAND_B3MB/ent_ssd_test/functional_test/pytest/unlock",
        "[2023-01-10 18:43:13 INFO] Generate Unlock file command is echo -n \"What is your favorite color? Bring out your dead. HOOT\" > /home/jenkins/jenkins_jobs/workspace/Prod_BHB_CI_B3MB_HW_SPDK_Branch/CFG_FILE/sanity.cfg/ITERATION/1/NAND/b3mb/label/NAND_B3MB/ent_ssd_test/functional_test/pytest/unlock",
        "[2023-01-10 18:43:13 CMD ] ['cd /home/jenkins/jenkins_jobs/workspace/Prod_BHB_CI_B3MB_HW_SPDK_Branch/CFG_FILE/sanity.cfg/ITERATION/1/NAND/b3mb/label/NAND_B3MB/ent_ssd_test/utils/spdk_nvme_cli;sudo ./nvme admin-passthru 0000:03:00.0 --opcode=225 --namespace-id=1 --cdw10=128 --cdw12=4294967294 --cdw13=1 --write --data-len=512 --input-file=/home/jenkins/jenkins_jobs/workspace/Prod_BHB_CI_B3MB_HW_SPDK_Branch/CFG_FILE/sanity.cfg/ITERATION/1/NAND/b3mb/label/NAND_B3MB/ent_ssd_test/functional_test/pytest/unlock --prefill=0']",
        "[2023-01-10 18:43:16 INFO] Unlock drive result: Starting SPDK v18.10-pre / DPDK 18.08.0 initialization...",
        "[ DPDK EAL parameters: nvme_cli -c 0x1 -m 512 --file-prefix=spdk0 --base-virtaddr=0x200000000000 --proc-type=auto ]",
        "EAL: Detected 8 lcore(s)",
        "EAL: Detected 1 NUMA nodes",
        "EAL: Auto-detected process type: PRIMARY",
        "EAL: Multi-process socket /var/run/dpdk/spdk0/mp_socket",
        "EAL: No free hugepages reported in hugepages-1048576kB",
        "EAL: Probing VFIO support...",
        "EAL: VFIO support initialized",
        "EAL: PCI device 0000:03:00.0 on NUMA socket -1",
        "EAL:   Invalid NUMA socket, default to 0",
        "EAL:   probe driver: 8086:8627 spdk_nvme",
        "nvme_ctrlr.c:2035:nvme_ctrlr_process_init: *WARNING*: CSTS.RDY was set to 1 after 493 us",
        "nvme_qpair.c: 115:nvme_admin_qpair_print_command: *NOTICE*: ASYNC EVENT REQUEST (0c) sqid:0 cid:94 nsid:0 cdw10:00000000 cdw11:00000000",
        "nvme_qpair.c: 303:nvme_qpair_print_completion: *NOTICE*: ASYNC LIMIT EXCEEDED (01/05) sqid:0 cid:94 cdw0:0 sqhd:0011 p:1 m:0 dnr:0",
        "nvme_ctrlr.c:1476:nvme_ctrlr_async_event_cb: *ERROR*: Controller appears out-of-spec for asynchronous event request",
        "handling.  Do not repost this AER.",
        "nvme_qpair.c: 115:nvme_admin_qpair_print_command: *NOTICE*: ASYNC EVENT REQUEST (0c) sqid:0 cid:89 nsid:0 cdw10:00000000 cdw11:00000000",
        "nvme_qpair.c: 303:nvme_qpair_print_completion: *NOTICE*: ASYNC LIMIT EXCEEDED (01/05) sqid:0 cid:89 cdw0:0 sqhd:0011 p:1 m:0 dnr:0",
        "nvme_ctrlr.c:1476:nvme_ctrlr_async_event_cb: *ERROR*: Controller appears out-of-spec for asynchronous event request",
        "handling.  Do not repost this AER.",
        "nvme_qpair.c: 115:nvme_admin_qpair_print_command: *NOTICE*: ASYNC EVENT REQUEST (0c) sqid:0 cid:88 nsid:0 cdw10:00000000 cdw11:00000000",
        "nvme_qpair.c: 303:nvme_qpair_print_completion: *NOTICE*: ASYNC LIMIT EXCEEDED (01/05) sqid:0 cid:88 cdw0:0 sqhd:0011 p:1 m:0 dnr:0",
        "nvme_ctrlr.c:1476:nvme_ctrlr_async_event_cb: *ERROR*: Controller appears out-of-spec for asynchronous event request",
        "handling.  Do not repost this AER.",
        "nvme_qpair.c: 115:nvme_admin_qpair_print_command: *NOTICE*: ASYNC EVENT REQUEST (0c) sqid:0 cid:87 nsid:0 cdw10:00000000 cdw11:00000000",
        "nvme_qpair.c: 303:nvme_qpair_print_completion: *NOTICE*: ASYNC LIMIT EXCEEDED (01/05) sqid:0 cid:87 cdw0:0 sqhd:0011 p:1 m:0 dnr:0",
        "nvme_ctrlr.c:1476:nvme_ctrlr_async_event_cb: *ERROR*: Controller appears out-of-spec for asynchronous event request",
        "handling.  Do not repost this AER.",
        "nvme_qpair.c: 115:nvme_admin_qpair_print_command: *NOTICE*: GET LOG PAGE (02) sqid:0 cid:95 nsid:ffffffff cdw10:007f00c0 cdw11:00000000",
        "nvme_qpair.c: 303:nvme_qpair_print_completion: *NOTICE*: INVALID FIELD (00/02) sqid:0 cid:95 cdw0:0 sqhd:0011 p:1 m:0 dnr:0",
        "nvme_ctrlr.c: 398:nvme_ctrlr_set_intel_support_log_pages: *WARNING*: Intel log pages not supported on Intel drive!",
        "NVMe command result:000000e1",
        "",
        "[2023-01-10 18:43:16 INFO] Deleted unlock file at /home/jenkins/jenkins_jobs/workspace/Prod_BHB_CI_B3MB_HW_SPDK_Branch/CFG_FILE/sanity.cfg/ITERATION/1/NAND/b3mb/label/NAND_B3MB/ent_ssd_test/functional_test/pytest/unlock",
        "[2023-01-10 18:43:16 INFO] query_drive_fw_build_info [tc-drive-info] admin-passthru 0000:03:00.0 --opcode=226 --namespace-id=4294967295                 --cdw10=128 --cdw12=4294967027 --cdw13=1 --read --data-len=512 --prefill=0 -b",
        "[2023-01-10 18:43:16 CMD ] ['cd /home/jenkins/jenkins_jobs/workspace/Prod_BHB_CI_B3MB_HW_SPDK_Branch/CFG_FILE/sanity.cfg/ITERATION/1/NAND/b3mb/label/NAND_B3MB/ent_ssd_test/utils/spdk_nvme_cli;sudo ./nvme admin-passthru 0000:03:00.0 --opcode=226 --namespace-id=4294967295                 --cdw10=128 --cdw12=4294967027 --cdw13=1 --read --data-len=512 --prefill=0 -b']",
        "[2023-01-10 18:43:18 INFO] query_drive_fw_build_info - raw ouput : d\u0000\u0000\u0000A.15.0  \u0000\u0000\u0000\u0000940132845ae4b2271eb339534472e81712e3ae12++\u0000\u0000\u0000\u0000\u0000\u0000\u0000\u0000\u0000\u0000\u0000\u0000\u0000\u0000\u0000\u0000\u0000\u0000ISN                 SSDP42KX040T1ES                         \u0011$P\u0012\u0004\u0003\u0000\u0000\u0000\u0000\u0000\u0000\u0000\u0000\u0000\u0000\u0000\u0000\u0000\u0000\u0000\u0000\u0000\u0000\u0000\u0000\u0000\u0000\u0000\u0000\u0000\u0000\u0000\u0000\u0000\u0000\u0000\u0000\u0000\u0000\u0000\u0000\u0000\u0000\u0000\u0000\u0000\u0000\u0000\u0000\u0000\u0000\u0000\u0000\u0000\u0000\u0000\u0000\u0000\u0000\u00000\u0000\u0000\u0000\u0000HEALTHY\u0000\u0000\u0000\u0000\u0000\u0000\u0000\u0000\u0000\u0000\u0000\u0000\u0000\u0001\u0000\u0000\u0000\u0000\u0000\u0000\u0000\u0000\u0000\u0000\u0000\u0000\u0000\u0000\u0000\u0000\u0000\u0000\u0000\u0000\u0000\u0000\u0000\u0000\u0000\u0000\u0000\u0000\u0000\u0000\u0000\u0000\u0000\u0000\u0000\u0000\u0000\u0000\u0000\u0000\u0000\u0000\u0000\u0000\u0000\u0000\u0000\u0000\u0000\u0000\u0000\u0000\u0000\u0000\u0000\u0000\u0000\u0000\u0000\u0000\u0000\u0000\u0000\u0000\u0000\u0000\u0000\u0000\u0000\u0000\u0000\u0000\u0000\u0000\u0000\u0000\u0000\u0000\u0000\u0000\u0000\u0000\u0000\u0000\u0000\u0000\u0000\u0000\u0000\u0000\u0000\u0000\u0000\u0000\u0000\u0000\u0000\u0000\u0000\u0000\u0000\u0000\u0000\u0000\u0000\u0000\u0000\u0000\u0000\u0000\u0000\u0000\u0000\u0000\u0000\u0000\u0000\u0000\u0000\u0000\u0000\u0000\u0000\u0000\u0000\u0000\u0000\u0000\u0000\u0000\u0000\u0000\u0000\u0000\u0000\u0000\u0000\u0000\u0000\u0000\u0000\u0000\u0000\u0000\u0000\u0000\u0000\u0000\u0000\u0000\u0000\u0000\u0000\u0000\u0000\u0000\u0000\u0000\u0000\u0000\u0000\u0000\u0000\u0000\u0000\u0000\u0000\u0000\u0000\u0000\u0000\u0000\u0000\u0000\u0000\u0000\u0000\u0000\u0000\u0000\u0000\u0000\u0000\u0000\u0000\u0000\u0000\u0000\u0000\u0000\u0000\u0000\u0000\u0000\u0000\u0000\u0000\u0000\u0000\u0000\u0000\u0000\u0000\u0000\u0000\u0000\u0000\u0000\u0000\u0000\u0000\u0000\u0000\u0000\u0000\u0000\u0000\u0000\u0000\u0000\u0000\u0000\u0000\u0000\u0000\u0000\u0000\u0000\u0000\u0000\u0000\u0000\u0000\u0000\u0000\u0000\u0000\u0000\u0000\u0000\u0000\u0000\u0000\u0000\u0000\u0000\u0000\u0000\u0000\u0000\u0000\u0000\u0000\u0000\u0000\u0000\u0000\u0000\u0000\u0000\u0000\u0000\u0000\u0000\u0000\u0000\u0000\u0000\u0000\u0000\u0000\u0000\u0000\u0000\u0000\u0000\u0000\u0000\u0000\u0000\u0000\u0000\u0000",
        "[2023-01-10 18:43:18 INFO] Successfully Executed tc-drive-info",
        "[2023-01-10 18:43:18 INFO] FW Build SHA is :94013284",
        "[2023-01-10 18:43:18 INFO] [SETUP  ] Initialize TestReport ...",
        "[2023-01-10 18:43:19 INFO] Connecting to DB without credential",
        "[2023-01-10 18:43:19 INFO] Connecting to specified DB: http://npsg-valet-api.elements.local/api/v1.0",
        "[2023-01-10 18:43:19 INFO] RestAPI",
        "[2023-01-10 18:43:19 INFO] no_proxy=localhost,intel.com,elements.local",
        "[2023-01-10 18:43:24 INFO] ",
        "[2023-01-10 18:43:24 INFO] *****************************************************************************************",
        "[2023-01-10 18:43:24 INFO] \t\t\t  [PASSED] Pytest Framework Setup",
        "[2023-01-10 18:43:24 INFO] *****************************************************************************************",
        "[2023-01-10 18:43:24 INFO] Timeout Passed into Pytest Runner is 1620 secs",
        "[2023-01-10 18:43:24 INFO] ",
        "[2023-01-10 18:43:24 INFO] *****************************************************************************************",
        "[2023-01-10 18:43:24 INFO] \t\t\t\t Entering test setup",
        "[2023-01-10 18:43:24 INFO] *****************************************************************************************",
        "[2023-01-10 18:43:24 INFO] Check Pita Cmd:udevadm info --name=/dev/ttyACM1 --attribute-walk | grep \"Cypress Semiconductor\" | grep manufacturer",
        "    ATTRS{manufacturer}==\"Cypress Semiconductor\"",
        "[2023-01-10 18:43:26 INFO] Found Pita:/dev/ttyACM1",
        "[2023-01-10 18:43:26 INFO] Found the following methods to issue powerloss on host ['pita']",
        "[2023-01-10 18:43:26 INFO] Testplan from spdktest is : None",
        "[2023-01-10 18:43:26 INFO] Template JSON written to /home/jenkins/jenkins_jobs/workspace/Prod_BHB_CI_B3MB_HW_SPDK_Branch/CFG_FILE/sanity.cfg/ITERATION/1/NAND/b3mb/label/NAND_B3MB/ent_ssd_test/test_results/spdktest_sanity.cfg_template.json",
        "[2023-01-10 18:43:26 INFO] Trenton",
        "[2023-01-10 18:43:26 INFO]   Base Paths: /home/jenkins/jenkins_jobs/workspace/Prod_BHB_CI_B3MB_HW_SPDK_Branch/CFG_FILE/sanity.cfg/ITERATION/1/NAND/b3mb/label/NAND_B3MB/trenton-b3mb",
        "[2023-01-10 18:43:26 INFO]   Env script: /home/jenkins/jenkins_jobs/workspace/Prod_BHB_CI_B3MB_HW_SPDK_Branch/CFG_FILE/sanity.cfg/ITERATION/1/NAND/b3mb/label/NAND_B3MB/trenton-b3mb/env.sh",
        "[2023-01-10 18:43:26 INFO] Check Pita Cmd:udevadm info --name=/dev/ttyACM1 --attribute-walk | grep \"Cypress Semiconductor\" | grep manufacturer",
        "    ATTRS{manufacturer}==\"Cypress Semiconductor\"",
        "[2023-01-10 18:43:28 INFO] Found Pita:/dev/ttyACM1",
        "[2023-01-10 18:43:28 CMD ] ['udevadm info --name=/dev/ttyACM1 --attribute-walk | grep \"DAPLink CMSIS-DAP\" | grep product']",
        "[2023-01-10 18:43:30 CMD ] ['udevadm info --name=/dev/ttyACM0 --attribute-walk | grep \"DAPLink CMSIS-DAP\" | grep product']",
        "[2023-01-10 18:43:32 INFO] UART PORT=/dev/ttyACM0",
        "",
        "[2023-01-10 18:43:32 CMD ] ['sudo chmod 777 /dev/ttyACM0']",
        "[2023-01-10 18:43:34 INFO] BoardRev: Rev 4 FWRev: DP 1.8",
        "[2023-01-10 18:43:34 INFO] ",
        "[2023-01-10 18:43:34 INFO] *****************************************************************************************",
        "[2023-01-10 18:43:34 INFO] \t\t\t\tCompleted test setup",
        "[2023-01-10 18:43:34 INFO] *****************************************************************************************",
        "[2023-01-10 18:43:34 INFO] ============================================================",
        "[2023-01-10 18:43:34 INFO] Build HARDWARE-INTERNAL SPDK",
        "[2023-01-10 18:43:34 INFO] ============================================================",
        "[2023-01-10 18:43:34 INFO] Build SPDK/SPDKTest",
        "[2023-01-10 18:43:34 INFO] Path: /home/jenkins/jenkins_jobs/workspace/Prod_BHB_CI_B3MB_HW_SPDK_Branch/CFG_FILE/sanity.cfg/ITERATION/1/NAND/b3mb/label/NAND_B3MB/ent_ssd_test/spdktest",
        "[2023-01-10 18:43:34 INFO] ============================================================",
        "[2023-01-10 18:43:34 CMD ] ['ulimit -c unlimited;source /home/jenkins/jenkins_jobs/workspace/Prod_BHB_CI_B3MB_HW_SPDK_Branch/CFG_FILE/sanity.cfg/ITERATION/1/NAND/b3mb/label/NAND_B3MB/trenton-b3mb/env.sh;make clean;make hardware-internal -j | tee -a /home/jenkins/jenkins_jobs/workspace/Prod_BHB_CI_B3MB_HW_SPDK_Branch/CFG_FILE/sanity.cfg/ITERATION/1/NAND/b3mb/label/NAND_B3MB/ent_ssd_test/lib/spdk/build_hardware-internal_spdk.log;exit ${PIPESTATUS[0]}']",
        "[2023-01-10 18:44:49 INFO] test_bhb_spdktest: Disable SPDK ...",
        "[2023-01-10 18:44:49 CMD ] sudo /home/jenkins/jenkins_jobs/workspace/Prod_BHB_CI_B3MB_HW_SPDK_Branch/CFG_FILE/sanity.cfg/ITERATION/1/NAND/b3mb/label/NAND_B3MB/ent_ssd_test/lib/spdk/scripts/setup.sh reset",
        "[2023-01-10 18:44:49 INFO] 0000:03:00.0 (8086 8627): uio_pci_generic -> no driver",
        "[2023-01-10 18:44:49 INFO] test_bhb_spdktest: Enable SPDK ...",
        "[2023-01-10 18:44:49 CMD ] sudo /home/jenkins/jenkins_jobs/workspace/Prod_BHB_CI_B3MB_HW_SPDK_Branch/CFG_FILE/sanity.cfg/ITERATION/1/NAND/b3mb/label/NAND_B3MB/ent_ssd_test/lib/spdk/scripts/setup.sh",
        "[2023-01-10 18:44:49 INFO] 0000:03:00.0 (8086 8627): no driver -> uio_pci_generic",
        "[2023-01-10 18:44:49 INFO] ============================================================",
        "[2023-01-10 18:44:49 INFO] SPDK Test",
        "[2023-01-10 18:44:49 INFO]   Program       : BLACKHAWK_BAR_SE",
        "[2023-01-10 18:44:49 INFO]   Base Path     : /home/jenkins/jenkins_jobs/workspace/Prod_BHB_CI_B3MB_HW_SPDK_Branch/CFG_FILE/sanity.cfg/ITERATION/1/NAND/b3mb/label/NAND_B3MB/ent_ssd_test",
        "[2023-01-10 18:44:49 INFO]   Build External: False",
        "[2023-01-10 18:44:49 INFO]   Config        : /home/jenkins/jenkins_jobs/workspace/Prod_BHB_CI_B3MB_HW_SPDK_Branch/CFG_FILE/sanity.cfg/ITERATION/1/NAND/b3mb/label/NAND_B3MB/trenton-b3mb/test/test_plans/hardware/sanity.cfg",
        "[2023-01-10 18:44:49 INFO] ",
        "[2023-01-10 18:44:49 INFO] *****************************************************************************************",
        "[2023-01-10 18:44:49 INFO] \t\t\t\tStart of spdktest run",
        "[2023-01-10 18:44:49 INFO] *****************************************************************************************",
        "[2023-01-10 18:44:49 INFO] ",
        "[2023-01-10 18:44:49 INFO] ============================================================",
        "[2023-01-10 18:44:49 INFO] Start Spdktest with config file sanity.cfg ",
        "[2023-01-10 18:44:49 INFO] Json template file spdktest_sanity.cfg_template.json ",
        "[2023-01-10 18:44:49 INFO] ============================================================",
        "[2023-01-10 18:44:49 CMD ] ['source /home/jenkins/jenkins_jobs/workspace/Prod_BHB_CI_B3MB_HW_SPDK_Branch/CFG_FILE/sanity.cfg/ITERATION/1/NAND/b3mb/label/NAND_B3MB/trenton-b3mb/env.sh;ulimit -c unlimited;stdbuf -oL sudo -E ./spdktest -f /home/jenkins/jenkins_jobs/workspace/Prod_BHB_CI_B3MB_HW_SPDK_Branch/CFG_FILE/sanity.cfg/ITERATION/1/NAND/b3mb/label/NAND_B3MB/trenton-b3mb/fw_release_package/benchsigned/debug -t -l /home/jenkins/jenkins_jobs/workspace/Prod_BHB_CI_B3MB_HW_SPDK_Branch/CFG_FILE/sanity.cfg/ITERATION/1/NAND/b3mb/label/NAND_B3MB/trenton-b3mb/test/test_plans/hardware/sanity.cfg -j /home/jenkins/jenkins_jobs/workspace/Prod_BHB_CI_B3MB_HW_SPDK_Branch/CFG_FILE/sanity.cfg/ITERATION/1/NAND/b3mb/label/NAND_B3MB/ent_ssd_test/test_results/spdktest_sanity.cfg_template.json| tee -a /home/jenkins/jenkins_jobs/workspace/Prod_BHB_CI_B3MB_HW_SPDK_Branch/CFG_FILE/sanity.cfg/ITERATION/1/NAND/b3mb/label/NAND_B3MB/ent_ssd_test/spdktest/test.log;exit ${PIPESTATUS[0]}']",
        "[2023-01-10 18:44:49 INFO] Setting ARM COMPILER PATH TO to ARMCompiler6.10.1",
        "[2023-01-10 18:44:49 INFO] Setting DS-5 to DS-5_v5.29.1",
        "[2023-01-10 18:44:49 INFO] Setting REPO_PATH to /home/jenkins/jenkins_jobs/workspace/Prod_BHB_CI_B3MB_HW_SPDK_Branch/CFG_FILE/sanity.cfg/ITERATION/1/NAND/b3mb/label/NAND_B3MB/trenton-b3mb",
        "[2023-01-10 18:44:49 INFO] Setting MAXCORE_HOME to point to /opt/arm/FastModelsTools_10.2",
        "[2023-01-10 18:44:49 INFO] ",
        "[2023-01-10 18:44:49 INFO] Setting ARMLMD_LICENSE_FILE to include ",
        "[2023-01-10 18:44:49 INFO] Setting SYSTEMC_HOME to point to /opt/arm/FastModelsTools_10.2/Accellera/SystemC",
        "[2023-01-10 18:44:49 INFO] ",
        "[2023-01-10 18:44:49 INFO] MaxCore setup completed.",
        "[2023-01-10 18:44:49 INFO] Setting SYSTEMC_HOME to point to /opt/arm/FastModelsTools_10.2/Accellera/SystemC",
        "[2023-01-10 18:44:49 INFO] [2023-01-10 18:44:49.588472] Starting SPDK v20.10 git sha1 56695312 / DPDK 20.08.0 initialization...",
        "[2023-01-10 18:44:49 INFO] [2023-01-10 18:44:49.588516] [ DPDK EAL parameters: [2023-01-10 18:44:49.588530] spdktest [2023-01-10 18:44:49.588548] --no-shconf [2023-01-10 18:44:49.588562] -c 0x1 [2023-01-10 18:44:49.588580] -n 1 [2023-01-10 18:44:49.588593] -m 64 [2023-01-10 18:44:49.588614] --log-level=lib.eal:6 [2023-01-10 18:44:49.588627] --log-level=lib.cryptodev:5 [2023-01-10 18:44:49.588636] --log-level=user1:6 [2023-01-10 18:44:49.588645] --iova-mode=pa [2023-01-10 18:44:49.588655] --base-virtaddr=0x200000000000 [2023-01-10 18:44:49.588667] --match-allocations [2023-01-10 18:44:49.588683] --file-prefix=spdk_pid103547 [2023-01-10 18:44:49.588696] ]",
        "[2023-01-10 18:44:49 INFO] ",
        "[2023-01-10 18:44:49 INFO] <01/10/23-18:44:49> SPDKTest Version: 1.006",
        "[2023-01-10 18:44:49 INFO] ",
        "[2023-01-10 18:44:49 INFO] Script : /home/jenkins/jenkins_jobs/workspace/Prod_BHB_CI_B3MB_HW_SPDK_Branch/CFG_FILE/sanity.cfg/ITERATION/1/NAND/b3mb/label/NAND_B3MB/trenton-b3mb/test/test_plans/hardware/sanity.cfg",
        "[2023-01-10 18:44:49 INFO] Json file: /home/jenkins/jenkins_jobs/workspace/Prod_BHB_CI_B3MB_HW_SPDK_Branch/CFG_FILE/sanity.cfg/ITERATION/1/NAND/b3mb/label/NAND_B3MB/ent_ssd_test/test_results/spdktest_sanity.cfg_template.json",
        "[2023-01-10 18:44:49 INFO] Test plan name = Prod_BHB_CI_B3MB_HW_SPDK_Branch",
        "[2023-01-10 18:44:49 INFO] Successfully parsed input json. JSON enabled = True",
        "[2023-01-10 18:44:49 INFO] SetFwPath: Path length=176 vs Max length=512",
        "[2023-01-10 18:44:49 INFO] FW path: /home/jenkins/jenkins_jobs/workspace/Prod_BHB_CI_B3MB_HW_SPDK_Branch/CFG_FILE/sanity.cfg/ITERATION/1/NAND/b3mb/label/NAND_B3MB/trenton-b3mb/fw_release_package/benchsigned/debug",
        "[2023-01-10 18:44:49 INFO] ",
        "[2023-01-10 18:44:49 INFO] EAL: No available hugepages reported in hugepages-1048576kB",
        "[2023-01-10 18:44:49 INFO] EAL: No legacy callbacks, legacy socket not created",
        "[2023-01-10 18:44:50 INFO] [2023-01-10 18:44:50.197572] nvme_qpair.c: 248:nvme_admin_qpair_print_command: *NOTICE*: GET LOG PAGE (02) qid:0 cid:23 nsid:ffffffff cdw10:007f00c0 cdw11:00000000 PRP1 0x7773a6000 PRP2 0x0",
        "[2023-01-10 18:44:50 INFO] [2023-01-10 18:44:50.197612] nvme_qpair.c: 451:spdk_nvme_print_completion: *NOTICE*: INVALID FIELD (00/02) qid:0 cid:23 cdw0:0 sqhd:000b p:1 m:0 dnr:0",
        "[2023-01-10 18:44:50 INFO] [2023-01-10 18:44:50.197665] nvme_ctrlr.c: 700:nvme_ctrlr_set_intel_support_log_pages: *WARNING*: Intel log pages not supported on Intel drive!",
        "[2023-01-10 18:44:52 INFO] spdk_nvme_probe() successful",
        "[2023-01-10 18:44:52 INFO] InitVendorSpecificTokenBHB: No controller structure available",
        "[2023-01-10 18:44:52 INFO] Controller selected:",
        "[2023-01-10 18:44:52 INFO] 1. PCI Address : 0000:03:00.00   Serial Number: ISN                   Model Number: SSDP42KX040T1ES                           Power Status: On   RefClk: On   PERST: Run (Host)  Drive Status: HEALTHY",
        "[2023-01-10 18:44:52 INFO] <01/10/23-18:44:50>[     START] TestPCIeIdentifiersRegister",
        "[2023-01-10 18:44:52 INFO] <01/10/23-18:44:50>[      PASS] TestPCIeIdentifiersRegister",
        "[2023-01-10 18:44:52 INFO] <01/10/23-18:44:50>[     START] TestPCIeCommandRegister",
        "[2023-01-10 18:44:52 INFO] <01/10/23-18:44:50>[      PASS] TestPCIeCommandRegister",
        "[2023-01-10 18:44:52 INFO] <01/10/23-18:44:50>[     START] TestPCIeDeviceStatusRegister",
        "[2023-01-10 18:44:52 INFO] <01/10/23-18:44:50>[      PASS] TestPCIeDeviceStatusRegister",
        "[2023-01-10 18:44:52 INFO] <01/10/23-18:44:50>[     START] TestPCIeRevisionIDRegister",
        "[2023-01-10 18:44:52 INFO] <01/10/23-18:44:50>[      PASS] TestPCIeRevisionIDRegister",
        "[2023-01-10 18:44:52 INFO] <01/10/23-18:44:50>[     START] TestPCIeClassCodeRegister",
        "[2023-01-10 18:44:52 INFO] <01/10/23-18:44:50>[      PASS] TestPCIeClassCodeRegister",
        "[2023-01-10 18:44:52 INFO] <01/10/23-18:44:50>[     START] TestPCIeCacheLineSizeRegister",
        "[2023-01-10 18:44:52 INFO] <01/10/23-18:44:50>[      PASS] TestPCIeCacheLineSizeRegister",
        "[2023-01-10 18:44:52 INFO] <01/10/23-18:44:50>[     START] TestPCIeMasterLatencyTimerRegister",
        "[2023-01-10 18:44:52 INFO] <01/10/23-18:44:50>[      PASS] TestPCIeMasterLatencyTimerRegister",
        "[2023-01-10 18:44:52 INFO] <01/10/23-18:44:50>[     START] TestPCIeHeaderTypeRegister",
        "[2023-01-10 18:44:52 INFO] <01/10/23-18:44:50>[      PASS] TestPCIeHeaderTypeRegister",
        "[2023-01-10 18:44:52 INFO] <01/10/23-18:44:50>[     START] TestPCIeBuiltInSelfTestRegister",
        "[2023-01-10 18:44:52 INFO] <01/10/23-18:44:50>[      PASS] TestPCIeBuiltInSelfTestRegister",
        "[2023-01-10 18:44:52 INFO] <01/10/23-18:44:50>[     START] TestPCIeCardBusCISPointerRegister",
        "[2023-01-10 18:44:52 INFO] <01/10/23-18:44:50>[      PASS] TestPCIeCardBusCISPointerRegister",
        "[2023-01-10 18:44:52 INFO] <01/10/23-18:44:50>[     START] TestPCIeSubSystemIdentifierRegister",
        "[2023-01-10 18:44:52 INFO] <01/10/23-18:44:50>[      PASS] TestPCIeSubSystemIdentifierRegister",
        "[2023-01-10 18:44:52 INFO] <01/10/23-18:44:50>[     START] TestPCIeExpansionROMRegister",
        "[2023-01-10 18:44:52 INFO] <01/10/23-18:44:50>[      PASS] TestPCIeExpansionROMRegister",
        "[2023-01-10 18:44:52 INFO] <01/10/23-18:44:50>[     START] TestPCIeCapabilitiesPointerRegister",
        "[2023-01-10 18:44:52 INFO] <01/10/23-18:44:50>[      PASS] TestPCIeCapabilitiesPointerRegister",
        "[2023-01-10 18:44:52 INFO] <01/10/23-18:44:50>[     START] TestPCIeInterruptInformationRegister",
        "[2023-01-10 18:44:52 INFO] <01/10/23-18:44:50>[      PASS] TestPCIeInterruptInformationRegister",
        "[2023-01-10 18:44:52 INFO] <01/10/23-18:44:50>[     START] TestPCIeMinimumGrantRegister",
        "[2023-01-10 18:44:52 INFO] <01/10/23-18:44:50>[      PASS] TestPCIeMinimumGrantRegister",
        "[2023-01-10 18:44:52 INFO] <01/10/23-18:44:50>[     START] TestPCIeMaximumLatencyRegister",
        "[2023-01-10 18:44:52 INFO] <01/10/23-18:44:50>[      PASS] TestPCIeMaximumLatencyRegister",
        "[2023-01-10 18:44:52 INFO] ",
        "[2023-01-10 18:44:52 INFO]     FILTERED SUITE RESULT SUMMARY",
        "[2023-01-10 18:44:52 INFO]     ============================",
        "[2023-01-10 18:44:52 INFO]     Tests Run     =  16",
        "[2023-01-10 18:44:52 INFO]     Tests Passed  =  16",
        "[2023-01-10 18:44:52 INFO]     Tests Skipped =   0",
        "[2023-01-10 18:44:52 INFO]     Tests Failed  =   0",
        "[2023-01-10 18:44:52 INFO] ",
        "[2023-01-10 18:44:52 INFO] <01/10/23-18:44:50>[     START] TestIdentifyControllerMin",
        "[2023-01-10 18:44:52 INFO] <01/10/23-18:44:50>[      PASS] TestIdentifyControllerMin",
        "[2023-01-10 18:44:52 INFO] <01/10/23-18:44:50>[     START] TestIdentifyNamespaceManagement",
        "[2023-01-10 18:44:52 INFO] <01/10/23-18:44:50>[      PASS] TestIdentifyNamespaceManagement",
        "[2023-01-10 18:44:52 INFO] <01/10/23-18:44:51>[     START] TestIdentifyCtrlZeroCheck",
        "[2023-01-10 18:44:52 INFO] <01/10/23-18:44:51>[      PASS] TestIdentifyCtrlZeroCheck",
        "[2023-01-10 18:44:52 INFO] <01/10/23-18:44:51>[     START] TestIdentifyBufferUpdatedBetweenCNS",
        "[2023-01-10 18:44:52 INFO] <01/10/23-18:44:51>[      PASS] TestIdentifyBufferUpdatedBetweenCNS",
        "[2023-01-10 18:44:52 INFO] <01/10/23-18:44:51>[     START] TestDeviceSelfTestIdentify",
        "[2023-01-10 18:44:52 INFO] <01/10/23-18:44:52>[      PASS] TestDeviceSelfTestIdentify",
        "[2023-01-10 18:44:52 INFO] ",
        "[2023-01-10 18:44:52 INFO]     FILTERED SUITE RESULT SUMMARY",
        "[2023-01-10 18:44:52 INFO]     ============================",
        "[2023-01-10 18:44:52 INFO]     Tests Run     =   5",
        "[2023-01-10 18:44:52 INFO]     Tests Passed  =   5",
        "[2023-01-10 18:44:52 INFO]     Tests Skipped =   0",
        "[2023-01-10 18:44:52 INFO]     Tests Failed  =   0",
        "[2023-01-10 18:44:52 INFO] ",
        "[2023-01-10 18:44:52 INFO] <01/10/23-18:44:52>[     START] TestGetFeatureNumberOfQueues",
        "[2023-01-10 18:44:52 INFO] <01/10/23-18:44:52>[      PASS] TestGetFeatureNumberOfQueues",
        "[2023-01-10 18:44:52 INFO] <01/10/23-18:44:52>[     START] TestGetFeatureAsyncEventCfg",
        "[2023-01-10 18:44:52 INFO] <01/10/23-18:44:52>[      PASS] TestGetFeatureAsyncEventCfg",
        "[2023-01-10 18:44:52 INFO] <01/10/23-18:44:52>[     START] TestGetFeatureDefaultOverTemperatureThreshold",
        "[2023-01-10 18:44:52 INFO] <01/10/23-18:44:52>[      PASS] TestGetFeatureDefaultOverTemperatureThreshold",
        "[2023-01-10 18:44:52 INFO] <01/10/23-18:44:52>[     START] TestGetFeatureDefaultUnderTemperatureThreshold",
        "[2023-01-10 18:44:52 INFO] <01/10/23-18:44:52>[      PASS] TestGetFeatureDefaultUnderTemperatureThreshold",
        "[2023-01-10 18:44:52 INFO] <01/10/23-18:44:52>[     START] TestGetFeatureArbitration",
        "[2023-01-10 18:44:52 INFO] <01/10/23-18:44:52>[      PASS] TestGetFeatureArbitration",
        "[2023-01-10 18:44:52 INFO] <01/10/23-18:44:52>[     START] TestGetFeatureInterruptVectorCfg",
        "[2023-01-10 18:44:52 INFO] <01/10/23-18:44:52>[      PASS] TestGetFeatureInterruptVectorCfg",
        "[2023-01-10 18:44:52 INFO] <01/10/23-18:44:52>[     START] Tes[2023-01-10 18:44:52.356420] nvme_qpair.c: 238:nvme_admin_qpair_print_command: *NOTICE*: GET FEATURES NON OPERATIONAL POWER STATE CONFIG cid:23 cdw10:00000011 PRP1 0x0 PRP2 0x0",
        "[2023-01-10 18:44:52 INFO] [2023-01-10 18:44:52.356443] nvme_qpair.c: 451:spdk_nvme_print_completion: *NOTICE*: INVALID FIELD (00/02) qid:0 cid:23 cdw0:0 sqhd:0013 p:0 m:0 dnr:0",
        "[2023-01-10 18:44:52 INFO] [2023-01-10 18:44:52.388015] nvme_qpair.c: 238:nvme_admin_qpair_print_command: *NOTICE*: GET FEATURES HOST CONTROLLED THERMAL MANAGEMENT cid:23 cdw10:00000010 PRP1 0x0 PRP2 0x0",
        "[2023-01-10 18:44:52 INFO] [2023-01-10 18:44:52.388038] nvme_qpair.c: 451:spdk_nvme_print_completion: *NOTICE*: INVALID FIELD (00/02) qid:0 cid:23 cdw0:0 sqhd:0017 p:0 m:0 dnr:0",
        "[2023-01-10 18:44:52 INFO] [2023-01-10 18:44:52.548265] nvme_qpair.c: 238:nvme_admin_qpair_print_command: *NOTICE*: SET FEATURES TEMPERATURE THRESHOLD cid:23 cdw10:00000004 PRP1 0x0 PRP2 0x0",
        "[2023-01-10 18:44:52 INFO] [2023-01-10 18:44:52.548288] nvme_qpair.c: 451:spdk_nvme_print_completion: *NOTICE*: INVALID FIELD (00/02) qid:0 cid:23 cdw0:0 sqhd:0002 p:1 m:0 dnr:0",
        "[2023-01-10 18:44:52 INFO] [2023-01-10 18:44:52.548540] nvme_qpair.c: 238:nvme_admin_qpair_print_command: *NOTICE*: GET FEATURES TEMPERATURE THRESHOLD cid:23 cdw10:00000104 PRP1 0x0 PRP2 0x0",
        "[2023-01-10 18:44:52 INFO] [2023-01-10 18:44:52.548558] nvme_qpair.c: 451:spdk_nvme_print_completion: *NOTICE*: INVALID FIELD (00/02) qid:0 cid:23 cdw0:0 sqhd:0003 p:1 m:0 dnr:0",
        "[2023-01-10 18:44:52 INFO] [2023-01-10 18:44:52.582477] nvme_qpair.c: 238:nvme_admin_qpair_print_command: *NOTICE*: SET FEATURES TEMPERATURE THRESHOLD cid:23 cdw10:00000004 PRP1 0x0 PRP2 0x0",
        "[2023-01-10 18:44:52 INFO] [2023-01-10 18:44:52.582500] nvme_qpair.c: 451:spdk_nvme_print_completion: *NOTICE*: INVALID FIELD (00/02) qid:0 cid:23 cdw0:0 sqhd:0006 p:0 m:0 dnr:0",
        "[2023-01-10 18:44:52 INFO] [2023-01-10 18:44:52.582755] nvme_qpair.c: 238:nvme_admin_qpair_print_command: *NOTICE*: GET FEATURES TEMPERATURE THRESHOLD cid:23 cdw10:00000104 PRP1 0x0 PRP2 0x0",
        "[2023-01-10 18:44:52 INFO] [2023-01-10 18:44:52.582770] nvme_qpair.c: 451:spdk_nvme_print_completion: *NOTICE*: INVALID FIELD (00/02) qid:0 cid:23 cdw0:0 sqhd:0007 p:0 m:0 dnr:0",
        "[2023-01-10 18:44:52 INFO] [2023-01-10 18:44:52.645041] nvme_qpair.c: 238:nvme_admin_qpair_print_command: *NOTICE*: SET FEATURES WRITE ATOMICITY cid:23 cdw10:0000000a PRP1 0x0 PRP2 0x0",
        "[2023-01-10 18:44:52 INFO] [2023-01-10 18:44:52.645061] nvme_qpair.c: 451:spdk_nvme_print_completion: *NOTICE*: INVALID FIELD (00/02) qid:0 cid:23 cdw0:0 sqhd:0018 p:0 m:0 dnr:0",
        "[2023-01-10 18:44:52 INFO] [2023-01-10 18:44:52.675378] nvme_qpair.c: 238:nvme_admin_qpair_print_command: *NOTICE*: SET FEATURES WRITE ATOMICITY cid:23 cdw10:8000000a PRP1 0x0 PRP2 0x0",
        "[2023-01-10 18:44:52 INFO] [2023-01-10 18:44:52.675396] nvme_qpair.c: 451:spdk_nvme_print_completion: *NOTICE*: INVALID FIELD (00/02) qid:0 cid:23 cdw0:0 sqhd:0000 p:0 m:0 dnr:0",
        "[2023-01-10 18:44:53 INFO] tGetFeatureInterruptCoalescing",
        "[2023-01-10 18:44:53 INFO] <01/10/23-18:44:52>[      PASS] TestGetFeatureInterruptCoalescing",
        "[2023-01-10 18:44:53 INFO] <01/10/23-18:44:52>[     START] TestGetFeatureAutonPowerSteTran",
        "[2023-01-10 18:44:53 INFO] <01/10/23-18:44:52>[      PASS] TestGetFeatureAutonPowerSteTran",
        "[2023-01-10 18:44:53 INFO] <01/10/23-18:44:52>[     START] TestGetFeatureTimestamp",
        "[2023-01-10 18:44:53 INFO] <01/10/23-18:44:52>[      PASS] TestGetFeatureTimestamp",
        "[2023-01-10 18:44:53 INFO] <01/10/23-18:44:52>[     START] TestGetFeatureNonOperationalPowerStateConfig",
        "[2023-01-10 18:44:53 INFO] <01/10/23-18:44:52>[      PASS] TestGetFeatureNonOperationalPowerStateConfig",
        "[2023-01-10 18:44:53 INFO] <01/10/23-18:44:52>[     START] TestGetFeatureHostControlledThermalManagement",
        "[2023-01-10 18:44:53 INFO] <01/10/23-18:44:52>[      PASS] TestGetFeatureHostControlledThermalManagement",
        "[2023-01-10 18:44:53 INFO] <01/10/23-18:44:52>[     START] TestGetFeatureInvalidId",
        "[2023-01-10 18:44:53 INFO] <01/10/23-18:44:52>[      PASS] TestGetFeatureInvalidId",
        "[2023-01-10 18:44:53 INFO] ",
        "[2023-01-10 18:44:53 INFO]     FILTERED SUITE RESULT SUMMARY",
        "[2023-01-10 18:44:53 INFO]     ============================",
        "[2023-01-10 18:44:53 INFO]     Tests Run     =  12",
        "[2023-01-10 18:44:53 INFO]     Tests Passed  =  12",
        "[2023-01-10 18:44:53 INFO]     Tests Skipped =   0",
        "[2023-01-10 18:44:53 INFO]     Tests Failed  =   0",
        "[2023-01-10 18:44:53 INFO] ",
        "[2023-01-10 18:44:53 INFO] <01/10/23-18:44:52>[     START] TestGetSetFeatureTimestamp",
        "[2023-01-10 18:44:53 INFO] <01/10/23-18:44:52>[      PASS] TestGetSetFeatureTimestamp",
        "[2023-01-10 18:44:53 INFO] ",
        "[2023-01-10 18:44:53 INFO]     FILTERED SUITE RESULT SUMMARY",
        "[2023-01-10 18:44:53 INFO]     ============================",
        "[2023-01-10 18:44:53 INFO]     Tests Run     =   1",
        "[2023-01-10 18:44:53 INFO]     Tests Passed  =   1",
        "[2023-01-10 18:44:53 INFO]     Tests Skipped =   0",
        "[2023-01-10 18:44:53 INFO]     Tests Failed  =   0",
        "[2023-01-10 18:44:53 INFO] ",
        "[2023-01-10 18:44:53 INFO] <01/10/23-18:44:52>[     START] TestGetSetFeaturePowerManagement",
        "[2023-01-10 18:44:53 INFO] <01/10/23-18:44:52>[      PASS] TestGetSetFeaturePowerManagement",
        "[2023-01-10 18:44:53 INFO] ",
        "[2023-01-10 18:44:53 INFO]     FILTERED SUITE RESULT SUMMARY",
        "[2023-01-10 18:44:53 INFO]     ============================",
        "[2023-01-10 18:44:53 INFO]     Tests Run     =   1",
        "[2023-01-10 18:44:53 INFO]     Tests Passed  =   1",
        "[2023-01-10 18:44:53 INFO]     Tests Skipped =   0",
        "[2023-01-10 18:44:53 INFO]     Tests Failed  =   0",
        "[2023-01-10 18:44:53 INFO] ",
        "[2023-01-10 18:44:53 INFO] <01/10/23-18:44:52>[     START] TestGetSetFeatureTemperatureThreshold",
        "[2023-01-10 18:44:53 INFO] <01/10/23-18:44:52>[      PASS] TestGetSetFeatureTemperatureThreshold",
        "[2023-01-10 18:44:53 INFO] <01/10/23-18:44:52>[     START] TestGetSetFeatureTemperatureThresholdInvalidThSel",
        "[2023-01-10 18:44:53 INFO] <01/10/23-18:44:52>[      PASS] TestGetSetFeatureTemperatureThresholdInvalidThSel",
        "[2023-01-10 18:44:53 INFO] <01/10/23-18:44:52>[     START] TestGetSetFeatureTemperatureThresholdInvalidTmpSel",
        "[2023-01-10 18:44:53 INFO] <01/10/23-18:44:52>[      PASS] TestGetSetFeatureTemperatureThresholdInvalidTmpSel",
        "[2023-01-10 18:44:53 INFO] ",
        "[2023-01-10 18:44:53 INFO]     FILTERED SUITE RESULT SUMMARY",
        "[2023-01-10 18:44:53 INFO]     ============================",
        "[2023-01-10 18:44:53 INFO]     Tests Run     =   3",
        "[2023-01-10 18:44:53 INFO]     Tests Passed  =   3",
        "[2023-01-10 18:44:53 INFO]     Tests Skipped =   0",
        "[2023-01-10 18:44:53 INFO]     Tests Failed  =   0",
        "[2023-01-10 18:44:53 INFO] ",
        "[2023-01-10 18:44:53 INFO] <01/10/23-18:44:52>[     START] TestGetSetFeatureErrorRecovery",
        "[2023-01-10 18:44:53 INFO] <01/10/23-18:44:52>[      PASS] TestGetSetFeatureErrorRecovery",
        "[2023-01-10 18:44:53 INFO] ",
        "[2023-01-10 18:44:53 INFO]     FILTERED SUITE RESULT SUMMARY",
        "[2023-01-10 18:44:53 INFO]     ============================",
        "[2023-01-10 18:44:53 INFO]     Tests Run     =   1",
        "[2023-01-10 18:44:53 INFO]     Tests Passed  =   1",
        "[2023-01-10 18:44:53 INFO]     Tests Skipped =   0",
        "[2023-01-10 18:44:53 INFO]     Tests Failed  =   0",
        "[2023-01-10 18:44:53 INFO] ",
        "[2023-01-10 18:44:53 INFO] <01/10/23-18:44:52>[     START] TestGetSetFeatureWriteAtomicityCurrent",
        "[2023-01-10 18:44:53 INFO] <01/10/23-18:44:52>[      PASS] TestGetSetFeatureWriteAtomicityCurrent",
        "[2023-01-10 18:44:53 INFO] <01/10/23-18:44:52>[     START] TestGetSetFeatureWriteAtomicitySaved",
        "[2023-01-10 18:44:53 INFO] <01/10/23-18:44:52>[      PASS] TestGetSetFeatureWriteAtomicitySaved",
        "[2023-01-10 18:44:53 INFO] <01/10/23-18:44:52>[     START] TestGetSetFeatureWriteAtomicityDefault",
        "[2023-01-10 18:44:53 INFO] <01/10/23-18:44:52>[      PASS] TestGetSetFeatureWriteAtomicityDefault",
        "[2023-01-10 18:44:53 INFO] ",
        "[2023-01-10 18:44:53 INFO]     FILTERED SUITE RESULT SUMMARY",
        "[2023-01-10 18:44:53 INFO]     ============================",
        "[2023-01-10 18:44:53 INFO]     Tests Run     =   3",
        "[2023-01-10 18:44:53 INFO]     Tests Passed  =   3",
        "[2023-01-10 18:44:53 INFO]     Tests Skipped =   0",
        "[2023-01-10 18:44:53 INFO]     Tests Failed  =   0",
        "[2023-01-10 18:44:53 INFO] ",
        "[2023-01-10 18:44:53 INFO] <01/10/23-18:44:52>[     START] TestGetSetFeatureAsyncEventCfgFirmwareActivationNotice",
        "[2023-01-10 18:44:53 INFO] <01/10/23-18:44:52>[      PASS] TestGetSetFeatureAsyncEventCfgFirmwareActivationNotice",
        "[2023-01-10 18:44:53 INFO] <01/10/23-18:44:52>[     START] TestGetSetFeatureAsyncEventCfgTelemetryLogNotice",
        "[2023-01-10 18:44:53 INFO] <01/10/23-18:44:52>[      PASS] TestGetSetFeatureAsyncEventCfgTelemetryLogNotice",
        "[2023-01-10 18:44:53 INFO] <01/10/23-18:44:52>[     START] TestGetSetFeatureAsyncEventCfgNamespaceAttributeNotice",
        "[2023-01-10 18:44:53 INFO] <01/10/23-18:44:52>[      PASS] TestGetSetFeatureAsyncEventCfgNamespaceAttributeNotice",
        "[2023-01-10 18:44:53 INFO] <01/10/23-18:44:52>[     START] TestGetSetFeatureAsyncEventCfgSmartHealthWarning",
        "[2023-01-10 18:44:53 INFO] <01/10/23-18:44:52>[      PASS] TestGetSetFeatureAsyncEventCfgSmartHealthWarning",
        "[2023-01-10 18:44:53 INFO] ",
        "[2023-01-10 18:44:53 INFO]     FILTERED SUITE RESULT SUMMARY",
        "[2023-01-10 18:44:53 INFO]     ============================",
        "[2023-01-10 18:44:53 INFO]     Tests Run     =   4",
        "[2023-01-10 18:44:53 INFO]     Tests Passed  =   4",
        "[2023-01-10 18:44:53 INFO]     Tests Skipped =   0",
        "[2023-01-10 18:44:53 INFO]     Tests Failed  =   0",
        "[2023-01-10 18:44:53 INFO] ",
        "[2023-01-10 18:44:53 INFO] <01/10/23-18:44:52>[     START] TestGetSetFeatureVSScheudlingDomainConfiguration",
        "[2023-01-10 18:44:53 INFO] <01/10/23-18:44:53>[      PASS] TestGetSetFeatureVSScheudlingDomainConfiguration",
        "[2023-01-10 18:44:53 INFO] ",
        "[2023-01-10 18:44:53 INFO]     FILTERED SUITE RESULT SUMMARY",
        "[2023-01-10 18:44:53 INFO]     ============================",
        "[2023-01-10 18:44:54 INFO]     Tests Run [2023-01-10 18:44:54.898756] nvme_qpair.c: 248:nvme_admin_qpair_print_command: *NOTICE*: ASYNC EVENT REQUEST (0c) qid:0 cid:23 nsid:0 cdw10:00000000 cdw11:00000000 ",
        "[2023-01-10 18:44:54 INFO] [2023-01-10 18:44:54.898816] nvme_qpair.c: 451:spdk_nvme_print_completion: *NOTICE*: ASYNC LIMIT EXCEEDED (01/05) qid:0 cid:23 cdw0:0 sqhd:001c p:0 m:0 dnr:0",
        "[2023-01-10 18:45:04 INFO]     =   1",
        "[2023-01-10 18:45:04 INFO]     Tests Passed  =   1",
        "[2023-01-10 18:45:04 INFO]     Tests Skipped =   0",
        "[2023-01-10 18:45:04 INFO]     Tests Failed  =   0",
        "[2023-01-10 18:45:04 INFO] ",
        "[2023-01-10 18:45:04 INFO] <01/10/23-18:44:53>[     START] TestAerRequestLimitExceeded",
        "[2023-01-10 18:45:04 INFO] <01/10/23-18:44:59>[      PASS] TestAerRequestLimitExceeded",
        "[2023-01-10 18:45:04 INFO] ",
        "[2023-01-10 18:45:04 INFO]     FILTERED SUITE RESULT SUMMARY",
        "[2023-01-10 18:45:04 INFO]     ============================",
        "[2023-01-10 18:45:04 INFO]     Tests Run     =   1",
        "[2023-01-10 18:45:04 INFO]     Tests Passed  =   1",
        "[2023-01-10 18:45:04 INFO]     Tests Skipped =   0",
        "[2023-01-10 18:45:04 INFO]     Tests Failed  =   0",
        "[2023-01-10 18:45:04 INFO] ",
        "[2023-01-10 18:45:04 INFO] <01/10/23-18:44:59>[     START] TestQmtMaxQpairCreateDelete",
        "[2023-01-10 18:45:04 INFO] <01/10/23-18:44:59>[      PASS] TestQmtMaxQpairCreateDelete",
        "[2023-01-10 18:45:04 INFO] <01/10/23-18:44:59>[     START] TestQmtMinQpairCreateDelete",
        "[2023-01-10 18:45:04 INFO] <01/10/23-18:44:59>[      PASS] TestQmtMinQpairCreateDelete",
        "[2023-01-10 18:45:04 INFO] <01/10/23-18:44:59>[      INFO]Group Setup ",
        "[2023-01-10 18:45:04 INFO] <01/10/23-18:44:59>[     START] TestQmtCreateCqValidQueueSizeLowerBound",
        "[2023-01-10 18:45:04 INFO] <01/10/23-18:44:59>[      PASS] TestQmtCreateCqValidQueueSizeLowerBound",
        "[2023-01-10 18:45:04 INFO] <01/10/23-18:45:00>[     START] TestQmtCreateCqInvalidQueueSizeLowerBound",
        "[2023-01-10 18:45:04 INFO] <01/10/23-18:45:00>[      PASS] TestQmtCreateCqInvalidQueueSizeLowerBound",
        "[2023-01-10 18:45:04 INFO] <01/10/23-18:45:00>[     START] TestQmtCreateCqValidQueueSizeUpperBound",
        "[2023-01-10 18:45:04 INFO] <01/10/23-18:45:00>[      PASS] TestQmtCreateCqValidQueueSizeUpperBound",
        "[2023-01-10 18:45:04 INFO] <01/10/23-18:45:00>[     START] TestQmtCreateCqInvalidQueueSizeUpperBound",
        "[2023-01-10 18:45:04 INFO] <01/10/23-18:45:00>[      PASS] TestQmtCreateCqInvalidQueueSizeUpperBound",
        "[2023-01-10 18:45:04 INFO] <01/10/23-18:45:00>[     START] TestQmtCreateCqInvalidCqID",
        "[2023-01-10 18:45:04 INFO] <01/10/23-18:45:00>[      PASS] TestQmtCreateCqInvalidCqID",
        "[2023-01-10 18:45:04 INFO] <01/10/23-18:45:00>[     START] TestQmtCreateCqInvalidPRP",
        "[2023-01-10 18:45:04 INFO] <01/10/23-18:45:00>[      PASS] TestQmtCreateCqInvalidPRP",
        "[2023-01-10 18:45:04 INFO] <01/10/23-18:45:00>[     START] TestQmtCreateCqInvalidInterruptVector",
        "[2023-01-10 18:45:04 INFO] <01/10/23-18:45:00>[      PASS] TestQmtCreateCqInvalidInterruptVector",
        "[2023-01-10 18:45:04 INFO] <01/10/23-18:45:00>[     START] TestQmtCreateCqValidNumQueuesUpperBound",
        "[2023-01-10 18:45:04 INFO] <01/10/23-18:45:00>[      INFO]Test Teardown: Cleaning up SQ and CQ..",
        "[2023-01-10 18:45:04 INFO] <01/10/23-18:45:00>[      PASS] TestQmtCreateCqValidNumQueuesUpperBound",
        "[2023-01-10 18:45:04 INFO] <01/10/23-18:45:00>[     START] TestQmtCreateCqInvalidNumQueuesUpperBound",
        "[2023-01-10 18:45:04 INFO] <01/10/23-18:45:01>[      PASS] TestQmtCreateCqInvalidNumQueuesUpperBound",
        "[2023-01-10 18:45:04 INFO] <01/10/23-18:45:01>[     START] TestQmtCreateSqValidQueueSizeLowerBound",
        "[2023-01-10 18:45:04 INFO] <01/10/23-18:45:01>[      PASS] TestQmtCreateSqValidQueueSizeLowerBound",
        "[2023-01-10 18:45:04 INFO] <01/10/23-18:45:01>[     START] TestQmtCreateSqInvalidQueueSizeLowerBound",
        "[2023-01-10 18:45:04 INFO] <01/10/23-18:45:01>[      PASS] TestQmtCreateSqInvalidQueueSizeLowerBound",
        "[2023-01-10 18:45:04 INFO] <01/10/23-18:45:01>[     START] TestQmtCreateSqInvalidQueueSizeUpperBound",
        "[2023-01-10 18:45:04 INFO] <01/10/23-18:45:01>[      PASS] TestQmtCreateSqInvalidQueueSizeUpperBound",
        "[2023-01-10 18:45:04 INFO] <01/10/23-18:45:01>[     START] TestQmtCreateSqValidQueueSizeUpperBound",
        "[2023-01-10 18:45:04 INFO] <01/10/23-18:45:01>[      PASS] TestQmtCreateSqValidQueueSizeUpperBound",
        "[2023-01-10 18:45:04 INFO] <01/10/23-18:45:01>[     START] TestQmtCreateSqInvalidSqID",
        "[2023-01-10 18:45:04 INFO] <01/10/23-18:45:01>[      PASS] TestQmtCreateSqInvalidSqID",
        "[2023-01-10 18:45:04 INFO] <01/10/23-18:45:01>[     START] TestQmtCreateSqInvalidCqID",
        "[2023-01-10 18:45:04 INFO] <01/10/23-18:45:01>[      PASS] TestQmtCreateSqInvalidCqID",
        "[2023-01-10 18:45:04 INFO] <01/10/23-18:45:01>[     START] TestQmtCreateSqInvalidPC",
        "[2023-01-10 18:45:04 INFO] <01/10/23-18:45:01>[      PASS] TestQmtCreateSqInvalidPC",
        "[2023-01-10 18:45:04 INFO] <01/10/23-18:45:01>[     START] TestQmtCreateSqInvalidPRP",
        "[2023-01-10 18:45:04 INFO] <01/10/23-18:45:01>[      PASS] TestQmtCreateSqInvalidPRP",
        "[2023-01-10 18:45:04 INFO] <01/10/23-18:45:01>[     START] TestQmtCreateSqValidNumQueuesUpperBound",
        "[2023-01-10 18:45:04 INFO] <01/10/23-18:45:02>[      PASS] TestQmtCreateSqValidNumQueuesUpperBound",
        "[2023-01-10 18:45:04 INFO] <01/10/23-18:45:02>[     START] TestQmtCreateSqInvalidNumQueuesUpperBound",
        "[2023-01-10 18:45:04 INFO] <01/10/23-18:45:02>[      PASS] TestQmtCreateSqInvalidNumQueuesUpperBound",
        "[2023-01-10 18:45:04 INFO] <01/10/23-18:45:02>[     START] TestQmtCreateSqUpperBoundInvalidCqId",
        "[2023-01-10 18:45:04 INFO] <01/10/23-18:45:02>[      INFO]Test Teardown: Cleaning up SQ and CQ..",
        "[2023-01-10 18:45:04 INFO] <01/10/23-18:45:03>[      PASS] TestQmtCreateSqUpperBoundInvalidCqId",
        "[2023-01-10 18:45:04 INFO] <01/10/23-18:45:03>[     START] TestQmtCreateSqInvalidSqIdUpperBound",
        "[2023-01-10 18:45:04 INFO] <01/10/23-18:45:03>[      INFO]Test Teardown: Cleaning up SQ and CQ..",
        "[2023-01-10 18:45:04 INFO] <01/10/23-18:45:04>[      PASS] TestQmtCreateSqInvalidSqIdUpperBound",
        "[2023-01-10 18:45:04 INFO] <01/10/23-18:45:04>[     START] TestQmtCreateSqInvalidCqIdUpperBound",
        "[2023-01-10 18:45:04 INFO] <01/10/23-18:45:04>[      INFO]Test Teardown: Cleaning up SQ and CQ..",
        "[2023-01-10 18:45:04 INFO] <01/10/23-18:45:04>[      PASS] TestQmtCreateSqInvalidCqIdUpperBound",
        "[2023-01-10 18:45:04 INFO] <01/10/23-18:45:04>[     START] TestQmtDeleteCqBeforeDeleteSq",
        "[2023-01-10 18:45:04 INFO] <01/10/23-18:45:04>[      PASS] TestQmtDeleteCqBeforeDeleteSq",
        "[2023-01-10 18:45:06 INFO] <01/10/23-18:45:04>[     START] Te[2023-01-10 18:45:06.360935] nvme_qpair.c: 248:nvme_admin_qpair_print_command: *NOTICE*: ADMIN COMMAND (e1) qid:0 cid:23 nsid:1 cdw10:00000080 cdw11:00000000 PRP1 0x7773a6000 PRP2 0x0",
        "[2023-01-10 18:45:06 INFO] [2023-01-10 18:45:06.360971] nvme_qpair.c: 451:spdk_nvme_print_completion: *NOTICE*: VENDOR SPECIFIC (07/03) qid:0 cid:23 cdw0:e1 sqhd:0001 p:1 m:0 dnr:0",
        "[2023-01-10 18:45:06 INFO] [2023-01-10 18:45:06.361234] nvme_qpair.c: 248:nvme_admin_qpair_print_command: *NOTICE*: ADMIN COMMAND (e2) qid:0 cid:23 nsid:ffffffff cdw10:00000000 cdw11:00000003 PRP1 0x7773a5000 PRP2 0x0",
        "[2023-01-10 18:45:06 INFO] [2023-01-10 18:45:06.361248] nvme_qpair.c: 451:spdk_nvme_print_completion: *NOTICE*: VENDOR SPECIFIC (07/01) qid:0 cid:23 cdw0:e2 sqhd:0002 p:1 m:0 dnr:0",
        "[2023-01-10 18:45:06 INFO] [2023-01-10 18:45:06.361722] nvme_qpair.c: 248:nvme_admin_qpair_print_command: *NOTICE*: ADMIN COMMAND (e1) qid:0 cid:23 nsid:1 cdw10:00000080 cdw11:00000000 PRP1 0x7773a6000 PRP2 0x0",
        "[2023-01-10 18:45:06 INFO] [2023-01-10 18:45:06.361740] nvme_qpair.c: 451:spdk_nvme_print_completion: *NOTICE*: VENDOR SPECIFIC (07/03) qid:0 cid:23 cdw0:e1 sqhd:0003 p:1 m:0 dnr:0",
        "[2023-01-10 18:45:15 INFO] [2023-01-10 18:45:15.466791] nvme.c: 898:nvme_probe_internal: *ERROR*: NVMe ctrlr scan failed",
        "[2023-01-10 18:45:15 INFO] stQmtCreateCqSqMaxNumMaxSize",
        "[2023-01-10 18:45:15 INFO] <01/10/23-18:45:05>[      INFO]Group Teardown ",
        "[2023-01-10 18:45:15 INFO] <01/10/23-18:45:05>[      PASS] TestQmtCreateCqSqMaxNumMaxSize",
        "[2023-01-10 18:45:15 INFO] ",
        "[2023-01-10 18:45:15 INFO]     FILTERED SUITE RESULT SUMMARY",
        "[2023-01-10 18:45:15 INFO]     ============================",
        "[2023-01-10 18:45:15 INFO]     Tests Run     =  26",
        "[2023-01-10 18:45:15 INFO]     Tests Passed  =  26",
        "[2023-01-10 18:45:15 INFO]     Tests Skipped =   0",
        "[2023-01-10 18:45:15 INFO]     Tests Failed  =   0",
        "[2023-01-10 18:45:15 INFO] ",
        "[2023-01-10 18:45:15 INFO] <01/10/23-18:45:05>[     START] Format4096TestBasicIoPrp4K",
        "[2023-01-10 18:45:15 INFO] <01/10/23-18:45:05>[      PASS] Format4096TestBasicIoPrp4K",
        "[2023-01-10 18:45:15 INFO] <01/10/23-18:45:05>[     START] Format4096TestBasicIoPrp8K",
        "[2023-01-10 18:45:15 INFO] <01/10/23-18:45:05>[      PASS] Format4096TestBasicIoPrp8K",
        "[2023-01-10 18:45:15 INFO] <01/10/23-18:45:05>[     START] Format4096TestBasicIoPrp16K",
        "[2023-01-10 18:45:15 INFO] <01/10/23-18:45:06>[      PASS] Format4096TestBasicIoPrp16K",
        "[2023-01-10 18:45:15 INFO] <01/10/23-18:45:06>[     START] Format4096TestBasicIoPrp32K",
        "[2023-01-10 18:45:15 INFO] <01/10/23-18:45:06>[      PASS] Format4096TestBasicIoPrp32K",
        "[2023-01-10 18:45:15 INFO] <01/10/23-18:45:06>[     START] Format4096TestBasicIoPrp64K",
        "[2023-01-10 18:45:15 INFO] <01/10/23-18:45:06>[      PASS] Format4096TestBasicIoPrp64K",
        "[2023-01-10 18:45:15 INFO] <01/10/23-18:45:06>[     START] Format4096TestBasicIoPrp128K",
        "[2023-01-10 18:45:15 INFO] <01/10/23-18:45:06>[      PASS] Format4096TestBasicIoPrp128K",
        "[2023-01-10 18:45:15 INFO] <01/10/23-18:45:06>[     START] Format4096TestBasicIoPrp1M",
        "[2023-01-10 18:45:15 INFO] <01/10/23-18:45:06>[      PASS] Format4096TestBasicIoPrp1M",
        "[2023-01-10 18:45:15 INFO] ",
        "[2023-01-10 18:45:15 INFO]     FILTERED SUITE RESULT SUMMARY",
        "[2023-01-10 18:45:15 INFO]     ============================",
        "[2023-01-10 18:45:15 INFO]     Tests Run     =   7",
        "[2023-01-10 18:45:15 INFO]     Tests Passed  =   7",
        "[2023-01-10 18:45:15 INFO]     Tests Skipped =   0",
        "[2023-01-10 18:45:15 INFO]     Tests Failed  =   0",
        "[2023-01-10 18:45:15 INFO] ",
        "[2023-01-10 18:45:15 INFO] <01/10/23-18:45:06>[     START] TestBHBUnlockExecution",
        "[2023-01-10 18:45:15 INFO] <01/10/23-18:45:06>[      PASS] TestBHBUnlockExecution",
        "[2023-01-10 18:45:15 INFO] <01/10/23-18:45:06>[     START] TestBHBUnlockCmdNegative",
        "[2023-01-10 18:45:15 INFO] <01/10/23-18:45:06>[      PASS] TestBHBUnlockCmdNegative",
        "[2023-01-10 18:45:15 INFO] ",
        "[2023-01-10 18:45:15 INFO]     FILTERED SUITE RESULT SUMMARY",
        "[2023-01-10 18:45:15 INFO]     ============================",
        "[2023-01-10 18:45:15 INFO]     Tests Run     =   2",
        "[2023-01-10 18:45:15 INFO]     Tests Passed  =   2",
        "[2023-01-10 18:45:15 INFO]     Tests Skipped =   0",
        "[2023-01-10 18:45:15 INFO]     Tests Failed  =   0",
        "[2023-01-10 18:45:15 INFO] ",
        "[2023-01-10 18:45:15 INFO] <01/10/23-18:45:06>[     START] TestFwDownloadCommitAction0WithVerify",
        "[2023-01-10 18:45:15 INFO] imgbuf: 0x7f03a5b8a010",
        "[2023-01-10 18:45:15 INFO] <01/10/23-18:45:14>[      PASS] TestFwDownloadCommitAction0WithVerify",
        "[2023-01-10 18:45:15 INFO] ",
        "[2023-01-10 18:45:15 INFO]     FILTERED SUITE RESULT SUMMARY",
        "[2023-01-10 18:45:15 INFO]     ============================",
        "[2023-01-10 18:45:15 INFO]     Tests Run     =   1",
        "[2023-01-10 18:45:15 INFO]     Tests Passed  =   1",
        "[2023-01-10 18:45:15 INFO]     Tests Skipped =   0",
        "[2023-01-10 18:45:15 INFO]     Tests Failed  =   0",
        "[2023-01-10 18:45:15 INFO] ",
        "[2023-01-10 18:45:15 INFO] EAL: Cannot find device (0000:03:00.0)",
        "[2023-01-10 18:45:15 INFO] EAL: Failed to attach device on primary process",
        "[2023-01-10 18:45:15 INFO] [2023-01-10 18:45:15.466820] nvme.c: 975:spdk_nvme_probe: *ERROR*: Create probe context failed",
        "[2023-01-10 18:45:46 INFO] [2023-01-10 18:45:46.149813] nvme_qpair.c: 248:nvme_admin_qpair_print_command: *NOTICE*: GET LOG PAGE (02) qid:0 cid:23 nsid:ffffffff cdw10:007f00c0 cdw11:00000000 PRP1 0x777385000 PRP2 0x0",
        "[2023-01-10 18:45:46 INFO] [2023-01-10 18:45:46.149845] nvme_qpair.c: 451:spdk_nvme_print_completion: *NOTICE*: INVALID FIELD (00/02) qid:0 cid:23 cdw0:0 sqhd:000b p:1 m:0 dnr:0",
        "[2023-01-10 18:45:46 INFO] [2023-01-10 18:45:46.149903] nvme_ctrlr.c: 700:nvme_ctrlr_set_intel_support_log_pages: *WARNING*: Intel log pages not supported on Intel drive!",
        "[2023-01-10 18:45:46 INFO] [2023-01-10 18:45:46.769554] nvme_qpair.c: 248:nvme_admin_qpair_print_command: *NOTICE*: GET LOG PAGE (02) qid:0 cid:23 nsid:ffffffff cdw10:007f00c0 cdw11:00000000 PRP1 0x777385000 PRP2 0x0",
        "[2023-01-10 18:45:46 INFO] [2023-01-10 18:45:46.769587] nvme_qpair.c: 451:spdk_nvme_print_completion: *NOTICE*: INVALID FIELD (00/02) qid:0 cid:23 cdw0:0 sqhd:000b p:1 m:0 dnr:0",
        "[2023-01-10 18:45:46 INFO] [2023-01-10 18:45:46.769653] nvme_ctrlr.c: 700:nvme_ctrlr_set_intel_support_log_pages: *WARNING*: Intel log pages not supported on Intel drive!",
        "[2023-01-10 18:45:50 INFO] [2023-01-10 18:45:50.637464] nvme.c: 898:nvme_probe_internal: *ERROR*: NVMe ctrlr scan failed",
        "[2023-01-10 18:45:50 INFO] <01/10/23-18:45:46>[     START] TestFwCommitWithCommitAction0",
        "[2023-01-10 18:45:50 INFO] <01/10/23-18:45:49>[      PASS] TestFwCommitWithCommitAction0",
        "[2023-01-10 18:45:50 INFO] ",
        "[2023-01-10 18:45:50 INFO]     FILTERED SUITE RESULT SUMMARY",
        "[2023-01-10 18:45:50 INFO]     ============================",
        "[2023-01-10 18:45:50 INFO]     Tests Run     =   1",
        "[2023-01-10 18:45:50 INFO]     Tests Passed  =   1",
        "[2023-01-10 18:45:50 INFO]     Tests Skipped =   0",
        "[2023-01-10 18:45:50 INFO]     Tests Failed  =   0",
        "[2023-01-10 18:45:50 INFO] ",
        "[2023-01-10 18:45:50 INFO] EAL: Cannot find device (0000:03:00.0)",
        "[2023-01-10 18:45:50 INFO] EAL: Failed to attach device on primary process",
        "[2023-01-10 18:45:50 INFO] [2023-01-10 18:45:50.637482] nvme.c: 975:spdk_nvme_probe: *ERROR*: Create probe context failed",
        "[2023-01-10 18:46:21 INFO] [2023-01-10 18:46:21.314017] nvme_qpair.c: 248:nvme_admin_qpair_print_command: *NOTICE*: GET LOG PAGE (02) qid:0 cid:23 nsid:ffffffff cdw10:007f00c0 cdw11:00000000 PRP1 0x777385000 PRP2 0x0",
        "[2023-01-10 18:46:21 INFO] [2023-01-10 18:46:21.314050] nvme_qpair.c: 451:spdk_nvme_print_completion: *NOTICE*: INVALID FIELD (00/02) qid:0 cid:23 cdw0:0 sqhd:000b p:1 m:0 dnr:0",
        "[2023-01-10 18:46:21 INFO] [2023-01-10 18:46:21.314106] nvme_ctrlr.c: 700:nvme_ctrlr_set_intel_support_log_pages: *WARNING*: Intel log pages not supported on Intel drive!",
        "[2023-01-10 18:46:21 INFO] [2023-01-10 18:46:21.934966] nvme_qpair.c: 248:nvme_admin_qpair_print_command: *NOTICE*: GET LOG PAGE (02) qid:0 cid:23 nsid:ffffffff cdw10:007f00c0 cdw11:00000000 PRP1 0x777385000 PRP2 0x0",
        "[2023-01-10 18:46:21 INFO] [2023-01-10 18:46:21.935000] nvme_qpair.c: 451:spdk_nvme_print_completion: *NOTICE*: INVALID FIELD (00/02) qid:0 cid:23 cdw0:0 sqhd:000b p:1 m:0 dnr:0",
        "[2023-01-10 18:46:21 INFO] [2023-01-10 18:46:21.935057] nvme_ctrlr.c: 700:nvme_ctrlr_set_intel_support_log_pages: *WARNING*: Intel log pages not supported on Intel drive!",
        "[2023-01-10 18:49:42 INFO] [2023-01-10 18:49:42.003308] nvme.c: 898:nvme_probe_internal: *ERROR*: NVMe ctrlr scan failed",
        "[2023-01-10 18:49:42 INFO] <01/10/23-18:46:21>[     START] TestFwCommitWithCommitAction1",
        "[2023-01-10 18:49:42 INFO] <01/10/23-18:48:01>[      PASS] TestFwCommitWithCommitAction1",
        "[2023-01-10 18:49:42 INFO] <01/10/23-18:48:01>[     START] TestFwCommitWithCommitAction1WithPitaCycle",
        "[2023-01-10 18:49:42 INFO] EAL: Cannot find device (0000:03:00.0)",
        "[2023-01-10 18:49:42 INFO] EAL: Failed to attach device on primary process",
        "[2023-01-10 18:49:42 INFO] [2023-01-10 18:49:42.003327] nvme.c: 975:spdk_nvme_probe: *ERROR*: Create probe context failed",
        "[2023-01-10 18:50:12 INFO] [2023-01-10 18:50:12.783614] nvme_qpair.c: 248:nvme_admin_qpair_print_command: *NOTICE*: GET LOG PAGE (02) qid:0 cid:23 nsid:ffffffff cdw10:007f00c0 cdw11:00000000 PRP1 0x777385000 PRP2 0x0",
        "[2023-01-10 18:50:12 INFO] [2023-01-10 18:50:12.783650] nvme_qpair.c: 451:spdk_nvme_print_completion: *NOTICE*: INVALID FIELD (00/02) qid:0 cid:23 cdw0:0 sqhd:000b p:1 m:0 dnr:0",
        "[2023-01-10 18:50:12 INFO] [2023-01-10 18:50:12.783700] nvme_ctrlr.c: 700:nvme_ctrlr_set_intel_support_log_pages: *WARNING*: Intel log pages not supported on Intel drive!",
        "[2023-01-10 18:50:12 INFO] [2023-01-10 18:50:12.818108] nvme_qpair.c: 248:nvme_admin_qpair_print_command: *NOTICE*: ASYNC EVENT REQUEST (0c) qid:0 cid:22 nsid:0 cdw10:00000000 cdw11:00000000 ",
        "[2023-01-10 18:50:12 INFO] [2023-01-10 18:50:12.818130] nvme_qpair.c: 451:spdk_nvme_print_completion: *NOTICE*: ABORTED - BY REQUEST (00/07) qid:0 cid:22 cdw0:0 sqhd:0010 p:1 m:0 dnr:0",
        "[2023-01-10 18:50:12 INFO] [2023-01-10 18:50:12.818427] nvme_qpair.c: 248:nvme_admin_qpair_print_command: *NOTICE*: ASYNC EVENT REQUEST (0c) qid:0 cid:21 nsid:0 cdw10:00000000 cdw11:00000000 ",
        "[2023-01-10 18:50:12 INFO] [2023-01-10 18:50:12.818441] nvme_qpair.c: 451:spdk_nvme_print_completion: *NOTICE*: ABORTED - BY REQUEST (00/07) qid:0 cid:21 cdw0:0 sqhd:0012 p:1 m:0 dnr:0",
        "[2023-01-10 18:50:12 INFO] [2023-01-10 18:50:12.818720] nvme_qpair.c: 248:nvme_admin_qpair_print_command: *NOTICE*: ASYNC EVENT REQUEST (0c) qid:0 cid:20 nsid:0 cdw10:00000000 cdw11:00000000 ",
        "[2023-01-10 18:50:12 INFO] [2023-01-10 18:50:12.818733] nvme_qpair.c: 451:spdk_nvme_print_completion: *NOTICE*: ABORTED - BY REQUEST (00/07) qid:0 cid:20 cdw0:0 sqhd:0014 p:1 m:0 dnr:0",
        "[2023-01-10 18:50:12 INFO] [2023-01-10 18:50:12.819027] nvme_qpair.c: 248:nvme_admin_qpair_print_command: *NOTICE*: ASYNC EVENT REQUEST (0c) qid:0 cid:19 nsid:0 cdw10:00000000 cdw11:00000000 ",
        "[2023-01-10 18:50:12 INFO] [2023-01-10 18:50:12.819041] nvme_qpair.c: 451:spdk_nvme_print_completion: *NOTICE*: ABORTED - BY REQUEST (00/07) qid:0 cid:19 cdw0:0 sqhd:0016 p:1 m:0 dnr:0",
        "[2023-01-10 18:50:13 INFO] [2023-01-10 18:50:13.847075] nvme_ctrlr.c:1444:spdk_nvme_ctrlr_reset: *NOTICE*: resetting controller",
        "[2023-01-10 18:50:14 INFO] [2023-01-10 18:50:14.402247] nvme_qpair.c: 248:nvme_admin_qpair_print_command: *NOTICE*: GET LOG PAGE (02) qid:0 cid:20 nsid:ffffffff cdw10:007f00c0 cdw11:00000000 PRP1 0x7773a8000 PRP2 0x0",
        "[2023-01-10 18:50:14 INFO] [2023-01-10 18:50:14.402295] nvme_qpair.c: 451:spdk_nvme_print_completion: *NOTICE*: INVALID FIELD (00/02) qid:0 cid:20 cdw0:0 sqhd:000b p:1 m:0 dnr:0",
        "[2023-01-10 18:50:14 INFO] [2023-01-10 18:50:14.402352] nvme_ctrlr.c: 700:nvme_ctrlr_set_intel_support_log_pages: *WARNING*: Intel log pages not supported on Intel drive!",
        "[2023-01-10 18:50:14 INFO] [2023-01-10 18:50:14.404677] nvme_ctrlr.c:1444:spdk_nvme_ctrlr_reset: *NOTICE*: resetting controller",
        "[2023-01-10 18:50:15 INFO] [2023-01-10 18:50:15.019662] nvme_qpair.c: 248:nvme_admin_qpair_print_command: *NOTICE*: GET LOG PAGE (02) qid:0 cid:23 nsid:ffffffff cdw10:007f00c0 cdw11:00000000 PRP1 0x7773a6000 PRP2 0x0",
        "[2023-01-10 18:50:15 INFO] [2023-01-10 18:50:15.019687] nvme_qpair.c: 451:spdk_nvme_print_completion: *NOTICE*: INVALID FIELD (00/02) qid:0 cid:23 cdw0:0 sqhd:000b p:1 m:0 dnr:0",
        "[2023-01-10 18:50:15 INFO] [2023-01-10 18:50:15.019743] nvme_ctrlr.c: 700:nvme_ctrlr_set_intel_support_log_pages: *WARNING*: Intel log pages not supported on Intel drive!",
        "[2023-01-10 18:50:15 INFO] [2023-01-10 18:50:15.759646] nvme_ctrlr.c:1444:spdk_nvme_ctrlr_reset: *NOTICE*: resetting controller",
        "[2023-01-10 18:50:17 INFO] [2023-01-10 18:50:17.257635] nvme_qpair.c: 248:nvme_admin_qpair_print_command: *NOTICE*: GET LOG PAGE (02) qid:0 cid:20 nsid:ffffffff cdw10:007f00c0 cdw11:00000000 PRP1 0x7773a8000 PRP2 0x0",
        "[2023-01-10 18:50:17 INFO] [2023-01-10 18:50:17.257666] nvme_qpair.c: 451:spdk_nvme_print_completion: *NOTICE*: INVALID FIELD (00/02) qid:0 cid:20 cdw0:0 sqhd:000b p:1 m:0 dnr:0",
        "[2023-01-10 18:50:17 INFO] [2023-01-10 18:50:17.257721] nvme_ctrlr.c: 700:nvme_ctrlr_set_intel_support_log_pages: *WARNING*: Intel log pages not supported on Intel drive!",
        "[2023-01-10 18:50:17 INFO] [2023-01-10 18:50:17.260126] nvme_ctrlr.c:1444:spdk_nvme_ctrlr_reset: *NOTICE*: resetting controller",
        "[2023-01-10 18:50:17 INFO] [2023-01-10 18:50:17.879296] nvme_qpair.c: 248:nvme_admin_qpair_print_command: *NOTICE*: GET LOG PAGE (02) qid:0 cid:23 nsid:ffffffff cdw10:007f00c0 cdw11:00000000 PRP1 0x7773a6000 PRP2 0x0",
        "[2023-01-10 18:50:17 INFO] [2023-01-10 18:50:17.879342] nvme_qpair.c: 451:spdk_nvme_print_completion: *NOTICE*: INVALID FIELD (00/02) qid:0 cid:23 cdw0:0 sqhd:000b p:1 m:0 dnr:0",
        "[2023-01-10 18:50:17 INFO] [2023-01-10 18:50:17.879400] nvme_ctrlr.c: 700:nvme_ctrlr_set_intel_support_log_pages: *WARNING*: Intel log pages not supported on Intel drive!",
        "[2023-01-10 18:50:24 INFO] <01/10/23-18:50:12>[      PASS] TestFwCommitWithCommitAction1WithPitaCycle",
        "[2023-01-10 18:50:24 INFO] ",
        "[2023-01-10 18:50:24 INFO]     FILTERED SUITE RESULT SUMMARY",
        "[2023-01-10 18:50:24 INFO]     ============================",
        "[2023-01-10 18:50:24 INFO]     Tests Run     =   2",
        "[2023-01-10 18:50:24 INFO]     Tests Passed  =   2",
        "[2023-01-10 18:50:24 INFO]     Tests Skipped =   0",
        "[2023-01-10 18:50:24 INFO]     Tests Failed  =   0",
        "[2023-01-10 18:50:24 INFO] ",
        "[2023-01-10 18:50:24 INFO] <01/10/23-18:50:12>[     START] TestAbortCommand",
        "[2023-01-10 18:50:24 INFO] <01/10/23-18:50:12>[      INFO]AsyncEventRequestAbortedCallback AER cid=22 has been successfully aborted",
        "[2023-01-10 18:50:24 INFO] <01/10/23-18:50:12>[      INFO]IssueAbort cdw0_val=0 ",
        "[2023-01-10 18:50:24 INFO] <01/10/23-18:50:12>[      INFO]IssueAbort status=0 ",
        "[2023-01-10 18:50:24 INFO] <01/10/23-18:50:12>[      INFO]AsyncEventRequestAbortedCallback AER cid=21 has been successfully aborted",
        "[2023-01-10 18:50:24 INFO] <01/10/23-18:50:12>[      INFO]IssueAbort cdw0_val=0 ",
        "[2023-01-10 18:50:24 INFO] <01/10/23-18:50:12>[      INFO]IssueAbort status=0 ",
        "[2023-01-10 18:50:24 INFO] <01/10/23-18:50:12>[      INFO]AsyncEventRequestAbortedCallback AER cid=20 has been successfully aborted",
        "[2023-01-10 18:50:24 INFO] <01/10/23-18:50:12>[      INFO]IssueAbort cdw0_val=0 ",
        "[2023-01-10 18:50:24 INFO] <01/10/23-18:50:12>[      INFO]IssueAbort status=0 ",
        "[2023-01-10 18:50:24 INFO] <01/10/23-18:50:12>[      INFO]AsyncEventRequestAbortedCallback AER cid=19 has been successfully aborted",
        "[2023-01-10 18:50:24 INFO] <01/10/23-18:50:12>[      INFO]IssueAbort cdw0_val=0 ",
        "[2023-01-10 18:50:24 INFO] <01/10/23-18:50:12>[      INFO]IssueAbort status=0 ",
        "[2023-01-10 18:50:24 INFO] <01/10/23-18:50:13>[      PASS] TestAbortCommand",
        "[2023-01-10 18:50:24 INFO] ",
        "[2023-01-10 18:50:24 INFO]     FILTERED SUITE RESULT SUMMARY",
        "[2023-01-10 18:50:24 INFO]     ============================",
        "[2023-01-10 18:50:24 INFO]     Tests Run     =   1",
        "[2023-01-10 18:50:24 INFO]     Tests Passed  =   1",
        "[2023-01-10 18:50:24 INFO]     Tests Skipped =   0",
        "[2023-01-10 18:50:24 INFO]     Tests Failed  =   0",
        "[2023-01-10 18:50:24 INFO] ",
        "[2023-01-10 18:50:24 INFO] <01/10/23-18:50:13>[     START] TestDriveStateWarmReset",
        "[2023-01-10 18:50:24 INFO] <01/10/23-18:50:15>[      PASS] TestDriveStateWarmReset",
        "[2023-01-10 18:50:24 INFO] ",
        "[2023-01-10 18:50:24 INFO]     FILTERED SUITE RESULT SUMMARY",
        "[2023-01-10 18:50:24 INFO]     ============================",
        "[2023-01-10 18:50:24 INFO]     Tests Run     =   1",
        "[2023-01-10 18:50:24 INFO]     Tests Passed  =   1",
        "[2023-01-10 18:50:24 INFO]     Tests Skipped =   0",
        "[2023-01-10 18:50:24 INFO]     Tests Failed  =   0",
        "[2023-01-10 18:50:24 INFO] ",
        "[2023-01-10 18:50:24 INFO] <01/10/23-18:50:15>[     START] TestDriveStateColdReset",
        "[2023-01-10 18:50:24 INFO] <01/10/23-18:50:17>[      PASS] TestDriveStateColdReset",
        "[2023-01-10 18:50:24 INFO] ",
        "[2023-01-10 18:50:24 INFO]     FILTERED SUITE RESULT SUMMARY",
        "[2023-01-10 18:50:24 INFO]     ============================",
        "[2023-01-10 18:50:24 INFO]     Tests Run     =   1",
        "[2023-01-10 18:50:24 INFO]     Tests Passed  =   1",
        "[2023-01-10 18:50:24 INFO]     Tests Skipped =   0",
        "[2023-01-10 18:50:24 INFO]     Tests Failed  =   0",
        "[2023-01-10 18:50:24 INFO] ",
        "[2023-01-10 18:50:24 INFO] ",
        "[2023-01-10 18:50:24 INFO]     OVERALL TEST RUN TOTALS",
        "[2023-01-10 18:50:24 INFO]     =======================",
        "[2023-01-10 18:50:24 INFO]     Tests Run     =  90",
        "[2023-01-10 18:50:24 INFO]     Tests Passed  =  90",
        "[2023-01-10 18:50:24 INFO]     Tests Skipped =   0",
        "[2023-01-10 18:50:24 INFO]     Tests Failed  =   0",
        "[2023-01-10 18:50:24 INFO] ",
        "[2023-01-10 18:50:24 INFO] Detached primary controller of port 0.",
        "[2023-01-10 18:50:24 INFO] SPDKTest executing the EXIT command. Exit(0)",
        "[2023-01-10 18:50:24 INFO] ============================================================",
        "[2023-01-10 18:50:24 INFO] sanity.cfg PASSED",
        "[2023-01-10 18:50:24 INFO] ============================================================",
        "[2023-01-10 18:50:24 INFO] ",
        "[2023-01-10 18:50:24 INFO] *****************************************************************************************",
        "[2023-01-10 18:50:24 INFO] \t\t\t\tCompleted spdktest run",
        "[2023-01-10 18:50:24 INFO] *****************************************************************************************",
        "[2023-01-10 18:50:24 INFO] ",
        ".                                                                        [100%][2023-01-10 18:50:24 INFO] ",
        "[2023-01-10 18:50:24 INFO] *****************************************************************************************",
        "[2023-01-10 18:50:24 INFO] \t\t\t\tEntering test teardown",
        "[2023-01-10 18:50:24 INFO] *****************************************************************************************",
        "[2023-01-10 18:50:24 INFO] ######## Start parsing PEL Log ########",
        "[2023-01-10 18:50:24 INFO] Pel parser script to be executed : [source /home/jenkins/jenkins_jobs/workspace/Prod_BHB_CI_B3MB_HW_SPDK_Branch/CFG_FILE/sanity.cfg/ITERATION/1/NAND/b3mb/label/NAND_B3MB/trenton-b3mb/env.sh ; /home/jenkins/jenkins_jobs/workspace/Prod_BHB_CI_B3MB_HW_SPDK_Branch/CFG_FILE/sanity.cfg/ITERATION/1/NAND/b3mb/label/NAND_B3MB/trenton-b3mb/tools/scripts/log_retrieval/pel/pel_parser.py -b /home/jenkins/jenkins_jobs/workspace/Prod_BHB_CI_B3MB_HW_SPDK_Branch/CFG_FILE/sanity.cfg/ITERATION/1/NAND/b3mb/label/NAND_B3MB/ent_ssd_test/spdktest/pelOutput/PELog_2023-01-10_18:50:17.bin -t /home/jenkins/jenkins_jobs/workspace/Prod_BHB_CI_B3MB_HW_SPDK_Branch/CFG_FILE/sanity.cfg/ITERATION/1/NAND/b3mb/label/NAND_B3MB/trenton-b3mb/ulogHashTable.txt -f ALL]",
        "[2023-01-10 18:50:28 INFO] ######## Parsing of PEL Log Successful ######## ",
        "",
        "[2023-01-10 18:50:28 INFO] Pel parser script to be executed : [source /home/jenkins/jenkins_jobs/workspace/Prod_BHB_CI_B3MB_HW_SPDK_Branch/CFG_FILE/sanity.cfg/ITERATION/1/NAND/b3mb/label/NAND_B3MB/trenton-b3mb/env.sh ; /home/jenkins/jenkins_jobs/workspace/Prod_BHB_CI_B3MB_HW_SPDK_Branch/CFG_FILE/sanity.cfg/ITERATION/1/NAND/b3mb/label/NAND_B3MB/trenton-b3mb/tools/scripts/log_retrieval/pel/pel_parser.py -b /home/jenkins/jenkins_jobs/workspace/Prod_BHB_CI_B3MB_HW_SPDK_Branch/CFG_FILE/sanity.cfg/ITERATION/1/NAND/b3mb/label/NAND_B3MB/ent_ssd_test/spdktest/pelOutput/PELog_2023-01-10_18:50:17.bin -t /home/jenkins/jenkins_jobs/workspace/Prod_BHB_CI_B3MB_HW_SPDK_Branch/CFG_FILE/sanity.cfg/ITERATION/1/NAND/b3mb/label/NAND_B3MB/trenton-b3mb/ulogHashTable.txt -f ERROR]",
        "[2023-01-10 18:50:29 INFO]  ",
        " ######## ULOG Audit Starting ######## ",
        "[2023-01-10 18:50:29 INFO] ######## ULOG Audit Passed ######## ",
        "",
        "[2023-01-10 18:50:29 INFO] Killed spdk/spdktest processes if any",
        "[2023-01-10 18:50:29 INFO] Deleted spdk lock",
        "[2023-01-10 18:50:29 INFO] Exiting test teardown",
        "[2023-01-10 18:50:29 INFO] ",
        "[2023-01-10 18:50:29 INFO] *****************************************************************************************",
        "[2023-01-10 18:50:29 INFO] \t\t\t\tCompleted test teardown",
        "[2023-01-10 18:50:29 INFO] *****************************************************************************************",
        "",
        "=========================== short test summary info ============================",
        "PASSED tests/spdktest/test_bhb_hw_spdktest.py::TestBhbHwSpdktest::()::test_bhb_spdktest",
        "==================================== PASSES ====================================",
        "_____________________ TestBhbHwSpdktest.test_bhb_spdktest ______________________",
        "1 passed in 424.80 seconds",
        "[2023-01-10 18:50:29 INFO] ",
        "[2023-01-10 18:50:29 INFO] *****************************************************************************************",
        "[2023-01-10 18:50:29 INFO] \t\t\t  [STARTED] Pytest Framework Teardown",
        "[2023-01-10 18:50:29 INFO] *****************************************************************************************",
        "[2023-01-10 18:50:29 INFO] UartThrd: Stop thread",
        "[2023-01-10 18:50:29 INFO] UartLogChecker::start_uart: Start fetching remaining ouput",
        "[2023-01-10 18:51:09 INFO] UartLogChecker::start_uart: Completed fetching remaining output",
        "[2023-01-10 18:51:09 INFO] UartLogChecker::start_uart: Completed",
        "[2023-01-10 18:51:09 INFO] UartThrd: thread joined",
        "[2023-01-10 18:51:09 INFO] UartThrd: Completed with status: 0",
        "[2023-01-10 18:51:09 INFO] Initiating posting test result json file(s) to VALET DB",
        "[2023-01-10 18:51:09 INFO] Found 90 json files",
        "[2023-01-10 18:51:12 INFO] Posted 90 json file(s)",
        "[2023-01-10 18:51:12 INFO] Done POSTING JSON Files to VALET DB",
        "[2023-01-10 18:51:12 INFO] ",
        "[2023-01-10 18:51:12 INFO] *****************************************************************************************",
        "[2023-01-10 18:51:12 INFO] \t\t\t  [PASSED] Pytest Framework Teardown",
        "[2023-01-10 18:51:12 INFO] *****************************************************************************************",
        "New run name is '#12418,Branch,ecf89a4d8a18c9ab35b3f526b1024fb818a2773d,94013284'",
        "[PostBuildScript] - [INFO] Executing post build scripts.",
        "Variable Existence Condition: checking \"label\" variable ",
        "Run condition [Environment variable exists] enabling perform for step [Execute shell]",
        "[NAND_B3MB] $ /bin/bash /tmp/jenkins6189501547059141912.sh",
        "=================================================================",
        "find /home/jenkins/jenkins_jobs/workspace/Prod_BHB_CI_B3MB_HW_SPDK_Branch/CFG_FILE/sanity.cfg/ITERATION/1/NAND/b3mb/label/NAND_B3MB \\! -user jenkins | sudo xargs --no-run-if-empty chown jenkins:jenkins",
        "=================================================================",
        "[PostBuildScript] - [INFO] Build does not have any of the results [ABORTED, FAILURE]. Did not execute build step #1.",
        "Archiving artifacts",
        "[OFFLINE-NODE]: Offline F223-508-21-SM ...",
        "[OFFLINE-NODE]: Successfully offlined F223-508-21-SM",
        "[WS-CLEANUP] Deleting project workspace...",
        "[WS-CLEANUP] Deferred wipeout is disabled by the job configuration...",
        "[WS-CLEANUP] done",
        "Finished: SUCCESS",
        ""
    ]
]